running develop
Removing /home/di/my_dif_bot/ros2_ws/install/robot_camera/lib/python3.12/site-packages/robot-camera.egg-link (link to .)
running egg_info
writing ../../build/robot_camera/robot_camera.egg-info/PKG-INFO
writing dependency_links to ../../build/robot_camera/robot_camera.egg-info/dependency_links.txt
writing entry points to ../../build/robot_camera/robot_camera.egg-info/entry_points.txt
writing requirements to ../../build/robot_camera/robot_camera.egg-info/requires.txt
writing top-level names to ../../build/robot_camera/robot_camera.egg-info/top_level.txt
reading manifest file '../../build/robot_camera/robot_camera.egg-info/SOURCES.txt'
writing manifest file '../../build/robot_camera/robot_camera.egg-info/SOURCES.txt'
running build
running build_py
creating /home/di/my_dif_bot/ros2_ws/build/robot_camera/build
creating /home/di/my_dif_bot/ros2_ws/build/robot_camera/build/lib
creating /home/di/my_dif_bot/ros2_ws/build/robot_camera/build/lib/robot_camera
copying robot_camera/__init__.py -> /home/di/my_dif_bot/ros2_ws/build/robot_camera/build/lib/robot_camera
copying robot_camera/camera_node.py -> /home/di/my_dif_bot/ros2_ws/build/robot_camera/build/lib/robot_camera
running install
running install_lib
creating /home/di/my_dif_bot/ros2_ws/install/robot_camera/lib/python3.12/site-packages/robot_camera
copying /home/di/my_dif_bot/ros2_ws/build/robot_camera/build/lib/robot_camera/__init__.py -> /home/di/my_dif_bot/ros2_ws/install/robot_camera/lib/python3.12/site-packages/robot_camera
copying /home/di/my_dif_bot/ros2_ws/build/robot_camera/build/lib/robot_camera/camera_node.py -> /home/di/my_dif_bot/ros2_ws/install/robot_camera/lib/python3.12/site-packages/robot_camera
byte-compiling /home/di/my_dif_bot/ros2_ws/install/robot_camera/lib/python3.12/site-packages/robot_camera/__init__.py to __init__.cpython-312.pyc
byte-compiling /home/di/my_dif_bot/ros2_ws/install/robot_camera/lib/python3.12/site-packages/robot_camera/camera_node.py to camera_node.cpython-312.pyc
running install_data
copying resource/robot_camera -> /home/di/my_dif_bot/ros2_ws/install/robot_camera/share/ament_index/resource_index/packages
copying package.xml -> /home/di/my_dif_bot/ros2_ws/install/robot_camera/share/robot_camera
running install_egg_info
Copying ../../build/robot_camera/robot_camera.egg-info to /home/di/my_dif_bot/ros2_ws/install/robot_camera/lib/python3.12/site-packages/robot_camera-0.0.0-py3.12.egg-info
running install_scripts
Installing camera_node script to /home/di/my_dif_bot/ros2_ws/install/robot_camera/lib/robot_camera
writing list of installed files to '/home/di/my_dif_bot/ros2_ws/build/robot_camera/install.log'
