[5.163s] Invoking command in '/home/di/my_dif_bot/ros2_ws/build/robot_camera': DEBUGINFOD_URLS=https://debuginfod.ubuntu.com PYTHONPATH=/home/di/my_dif_bot/ros2_ws/build/robot_camera/prefix_override:/usr/lib/python3/dist-packages/colcon_core/task/python/colcon_distutils_commands:/home/di/my_dif_bot/ros2_ws/install/robot_camera/lib/python3.12/site-packages:${PYTHONPATH} /usr/bin/python3 -W ignore:setup.py install is deprecated -W ignore:easy_install command is deprecated setup.py develop --uninstall --editable --build-directory /home/di/my_dif_bot/ros2_ws/build/robot_camera/build
[6.910s] running develop
[8.229s] Removing /home/di/my_dif_bot/ros2_ws/install/robot_camera/lib/python3.12/site-packages/robot-camera.egg-link (link to .)
[8.399s] Invoked command in '/home/di/my_dif_bot/ros2_ws/build/robot_camera' returned '0': DEBUGINFOD_URLS=https://debuginfod.ubuntu.com PYTHONPATH=/home/di/my_dif_bot/ros2_ws/build/robot_camera/prefix_override:/usr/lib/python3/dist-packages/colcon_core/task/python/colcon_distutils_commands:/home/di/my_dif_bot/ros2_ws/install/robot_camera/lib/python3.12/site-packages:${PYTHONPATH} /usr/bin/python3 -W ignore:setup.py install is deprecated -W ignore:easy_install command is deprecated setup.py develop --uninstall --editable --build-directory /home/di/my_dif_bot/ros2_ws/build/robot_camera/build
[8.408s] Invoking command in '/home/di/my_dif_bot/ros2_ws/src/robot_camera': DEBUGINFOD_URLS=https://debuginfod.ubuntu.com PYTHONPATH=/home/di/my_dif_bot/ros2_ws/build/robot_camera/prefix_override:/usr/lib/python3/dist-packages/colcon_core/task/python/colcon_distutils_commands:/home/di/my_dif_bot/ros2_ws/install/robot_camera/lib/python3.12/site-packages:${PYTHONPATH} /usr/bin/python3 -W ignore:setup.py install is deprecated -W ignore:easy_install command is deprecated setup.py egg_info --egg-base ../../build/robot_camera build --build-base /home/di/my_dif_bot/ros2_ws/build/robot_camera/build install --record /home/di/my_dif_bot/ros2_ws/build/robot_camera/install.log --single-version-externally-managed install_data --force
[9.893s] running egg_info
[10.007s] writing ../../build/robot_camera/robot_camera.egg-info/PKG-INFO
[10.008s] writing dependency_links to ../../build/robot_camera/robot_camera.egg-info/dependency_links.txt
[10.011s] writing entry points to ../../build/robot_camera/robot_camera.egg-info/entry_points.txt
[10.012s] writing requirements to ../../build/robot_camera/robot_camera.egg-info/requires.txt
[10.013s] writing top-level names to ../../build/robot_camera/robot_camera.egg-info/top_level.txt
[10.260s] reading manifest file '../../build/robot_camera/robot_camera.egg-info/SOURCES.txt'
[10.267s] writing manifest file '../../build/robot_camera/robot_camera.egg-info/SOURCES.txt'
[10.268s] running build
[10.269s] running build_py
[10.270s] creating /home/di/my_dif_bot/ros2_ws/build/robot_camera/build
[10.271s] creating /home/di/my_dif_bot/ros2_ws/build/robot_camera/build/lib
[10.272s] creating /home/di/my_dif_bot/ros2_ws/build/robot_camera/build/lib/robot_camera
[10.272s] copying robot_camera/__init__.py -> /home/di/my_dif_bot/ros2_ws/build/robot_camera/build/lib/robot_camera
[10.273s] copying robot_camera/camera_node.py -> /home/di/my_dif_bot/ros2_ws/build/robot_camera/build/lib/robot_camera
[10.274s] running install
[10.302s] running install_lib
[10.416s] creating /home/di/my_dif_bot/ros2_ws/install/robot_camera/lib/python3.12/site-packages/robot_camera
[10.417s] copying /home/di/my_dif_bot/ros2_ws/build/robot_camera/build/lib/robot_camera/__init__.py -> /home/di/my_dif_bot/ros2_ws/install/robot_camera/lib/python3.12/site-packages/robot_camera
[10.418s] copying /home/di/my_dif_bot/ros2_ws/build/robot_camera/build/lib/robot_camera/camera_node.py -> /home/di/my_dif_bot/ros2_ws/install/robot_camera/lib/python3.12/site-packages/robot_camera
[10.420s] byte-compiling /home/di/my_dif_bot/ros2_ws/install/robot_camera/lib/python3.12/site-packages/robot_camera/__init__.py to __init__.cpython-312.pyc
[10.422s] byte-compiling /home/di/my_dif_bot/ros2_ws/install/robot_camera/lib/python3.12/site-packages/robot_camera/camera_node.py to camera_node.cpython-312.pyc
[10.426s] running install_data
[10.426s] copying resource/robot_camera -> /home/di/my_dif_bot/ros2_ws/install/robot_camera/share/ament_index/resource_index/packages
[10.427s] copying package.xml -> /home/di/my_dif_bot/ros2_ws/install/robot_camera/share/robot_camera
[10.428s] running install_egg_info
[10.556s] Copying ../../build/robot_camera/robot_camera.egg-info to /home/di/my_dif_bot/ros2_ws/install/robot_camera/lib/python3.12/site-packages/robot_camera-0.0.0-py3.12.egg-info
[10.565s] running install_scripts
[11.439s] Installing camera_node script to /home/di/my_dif_bot/ros2_ws/install/robot_camera/lib/robot_camera
[11.440s] writing list of installed files to '/home/di/my_dif_bot/ros2_ws/build/robot_camera/install.log'
[11.593s] Invoked command in '/home/di/my_dif_bot/ros2_ws/src/robot_camera' returned '0': DEBUGINFOD_URLS=https://debuginfod.ubuntu.com PYTHONPATH=/home/di/my_dif_bot/ros2_ws/build/robot_camera/prefix_override:/usr/lib/python3/dist-packages/colcon_core/task/python/colcon_distutils_commands:/home/di/my_dif_bot/ros2_ws/install/robot_camera/lib/python3.12/site-packages:${PYTHONPATH} /usr/bin/python3 -W ignore:setup.py install is deprecated -W ignore:easy_install command is deprecated setup.py egg_info --egg-base ../../build/robot_camera build --build-base /home/di/my_dif_bot/ros2_ws/build/robot_camera/build install --record /home/di/my_dif_bot/ros2_ws/build/robot_camera/install.log --single-version-externally-managed install_data --force
