[0.767s] DEBUG:colcon:Command line arguments: ['/usr/bin/colcon', 'build', '--symlink-install', '--packages-select', 'my_dif_bot_description']
[0.769s] DEBUG:colcon:Parsed command line arguments: Namespace(log_base=None, log_level=None, verb_name='build', build_base='build', install_base='install', merge_install=False, symlink_install=True, test_result_base=None, continue_on_error=False, executor='parallel', parallel_workers=4, event_handlers=None, ignore_user_meta=False, metas=['./colcon.meta'], base_paths=['.'], packages_ignore=None, packages_ignore_regex=None, paths=None, packages_up_to=None, packages_up_to_regex=None, packages_above=None, packages_above_and_dependencies=None, packages_above_depth=None, packages_select_by_dep=None, packages_skip_by_dep=None, packages_skip_up_to=None, packages_select_build_failed=False, packages_skip_build_finished=False, packages_select_test_failures=False, packages_skip_test_passed=False, packages_select=['my_dif_bot_description'], packages_skip=None, packages_select_regex=None, packages_skip_regex=None, packages_start=None, packages_end=None, allow_overriding=[], cmake_args=None, cmake_target=None, cmake_target_skip_unavailable=False, cmake_clean_cache=False, cmake_clean_first=False, cmake_force_configure=False, ament_cmake_args=None, catkin_cmake_args=None, catkin_skip_building_tests=False, mixin_files=None, mixin=None, verb_parser=<colcon_mixin.mixin.mixin_argument.MixinArgumentDecorator object at 0xffff919d5a00>, verb_extension=<colcon_core.verb.build.BuildVerb object at 0xffff919d5970>, main=<bound method BuildVerb.main of <colcon_core.verb.build.BuildVerb object at 0xffff919d5970>>, mixin_verb=('build',))
[1.185s] Level 1:colcon.colcon_core.package_discovery:discover_packages(colcon_meta) check parameters
[1.186s] Level 1:colcon.colcon_core.package_discovery:discover_packages(recursive) check parameters
[1.186s] Level 1:colcon.colcon_core.package_discovery:discover_packages(ignore) check parameters
[1.187s] Level 1:colcon.colcon_core.package_discovery:discover_packages(path) check parameters
[1.187s] Level 1:colcon.colcon_core.package_discovery:discover_packages(colcon_meta) discover
[1.187s] Level 1:colcon.colcon_core.package_discovery:discover_packages(recursive) discover
[1.187s] INFO:colcon.colcon_core.package_discovery:Crawling recursively for packages in '/home/di/my_dif_bot/ros2_ws'
[1.188s] Level 1:colcon.colcon_core.package_identification:_identify(.) by extensions ['ignore', 'ignore_ament_install']
[1.189s] Level 1:colcon.colcon_core.package_identification:_identify(.) by extension 'ignore'
[1.189s] Level 1:colcon.colcon_core.package_identification:_identify(.) by extension 'ignore_ament_install'
[1.189s] Level 1:colcon.colcon_core.package_identification:_identify(.) by extensions ['colcon_pkg']
[1.189s] Level 1:colcon.colcon_core.package_identification:_identify(.) by extension 'colcon_pkg'
[1.190s] Level 1:colcon.colcon_core.package_identification:_identify(.) by extensions ['colcon_meta']
[1.190s] Level 1:colcon.colcon_core.package_identification:_identify(.) by extension 'colcon_meta'
[1.190s] Level 1:colcon.colcon_core.package_identification:_identify(.) by extensions ['ros']
[1.190s] Level 1:colcon.colcon_core.package_identification:_identify(.) by extension 'ros'
[1.418s] Level 1:colcon.colcon_core.package_identification:_identify(.) by extensions ['cmake', 'python']
[1.418s] Level 1:colcon.colcon_core.package_identification:_identify(.) by extension 'cmake'
[1.418s] Level 1:colcon.colcon_core.package_identification:_identify(.) by extension 'python'
[1.419s] Level 1:colcon.colcon_core.package_identification:_identify(.) by extensions ['python_setup_py']
[1.419s] Level 1:colcon.colcon_core.package_identification:_identify(.) by extension 'python_setup_py'
[1.420s] Level 1:colcon.colcon_core.package_identification:_identify(build) by extensions ['ignore', 'ignore_ament_install']
[1.420s] Level 1:colcon.colcon_core.package_identification:_identify(build) by extension 'ignore'
[1.421s] Level 1:colcon.colcon_core.package_identification:_identify(build) ignored
[1.422s] Level 1:colcon.colcon_core.package_identification:_identify(install) by extensions ['ignore', 'ignore_ament_install']
[1.423s] Level 1:colcon.colcon_core.package_identification:_identify(install) by extension 'ignore'
[1.423s] Level 1:colcon.colcon_core.package_identification:_identify(install) ignored
[1.424s] Level 1:colcon.colcon_core.package_identification:_identify(log) by extensions ['ignore', 'ignore_ament_install']
[1.425s] Level 1:colcon.colcon_core.package_identification:_identify(log) by extension 'ignore'
[1.426s] Level 1:colcon.colcon_core.package_identification:_identify(log) ignored
[1.429s] Level 1:colcon.colcon_core.package_identification:_identify(ros-foxglove-bridge) by extensions ['ignore', 'ignore_ament_install']
[1.429s] Level 1:colcon.colcon_core.package_identification:_identify(ros-foxglove-bridge) by extension 'ignore'
[1.430s] Level 1:colcon.colcon_core.package_identification:_identify(ros-foxglove-bridge) by extension 'ignore_ament_install'
[1.430s] Level 1:colcon.colcon_core.package_identification:_identify(ros-foxglove-bridge) by extensions ['colcon_pkg']
[1.430s] Level 1:colcon.colcon_core.package_identification:_identify(ros-foxglove-bridge) by extension 'colcon_pkg'
[1.430s] Level 1:colcon.colcon_core.package_identification:_identify(ros-foxglove-bridge) by extensions ['colcon_meta']
[1.430s] Level 1:colcon.colcon_core.package_identification:_identify(ros-foxglove-bridge) by extension 'colcon_meta'
[1.431s] Level 1:colcon.colcon_core.package_identification:_identify(ros-foxglove-bridge) by extensions ['ros']
[1.431s] Level 1:colcon.colcon_core.package_identification:_identify(ros-foxglove-bridge) by extension 'ros'
[1.523s] DEBUG:colcon.colcon_core.package_identification:Package 'ros-foxglove-bridge' with type 'ros.ament_cmake' and name 'foxglove_bridge'
[1.524s] Level 1:colcon.colcon_core.package_identification:_identify(src) by extensions ['ignore', 'ignore_ament_install']
[1.525s] Level 1:colcon.colcon_core.package_identification:_identify(src) by extension 'ignore'
[1.525s] Level 1:colcon.colcon_core.package_identification:_identify(src) by extension 'ignore_ament_install'
[1.525s] Level 1:colcon.colcon_core.package_identification:_identify(src) by extensions ['colcon_pkg']
[1.526s] Level 1:colcon.colcon_core.package_identification:_identify(src) by extension 'colcon_pkg'
[1.526s] Level 1:colcon.colcon_core.package_identification:_identify(src) by extensions ['colcon_meta']
[1.526s] Level 1:colcon.colcon_core.package_identification:_identify(src) by extension 'colcon_meta'
[1.526s] Level 1:colcon.colcon_core.package_identification:_identify(src) by extensions ['ros']
[1.526s] Level 1:colcon.colcon_core.package_identification:_identify(src) by extension 'ros'
[1.527s] Level 1:colcon.colcon_core.package_identification:_identify(src) by extensions ['cmake', 'python']
[1.527s] Level 1:colcon.colcon_core.package_identification:_identify(src) by extension 'cmake'
[1.527s] Level 1:colcon.colcon_core.package_identification:_identify(src) by extension 'python'
[1.528s] Level 1:colcon.colcon_core.package_identification:_identify(src) by extensions ['python_setup_py']
[1.528s] Level 1:colcon.colcon_core.package_identification:_identify(src) by extension 'python_setup_py'
[1.528s] Level 1:colcon.colcon_core.package_identification:_identify(src/my_dif_bot_bringup) by extensions ['ignore', 'ignore_ament_install']
[1.529s] Level 1:colcon.colcon_core.package_identification:_identify(src/my_dif_bot_bringup) by extension 'ignore'
[1.529s] Level 1:colcon.colcon_core.package_identification:_identify(src/my_dif_bot_bringup) by extension 'ignore_ament_install'
[1.530s] Level 1:colcon.colcon_core.package_identification:_identify(src/my_dif_bot_bringup) by extensions ['colcon_pkg']
[1.530s] Level 1:colcon.colcon_core.package_identification:_identify(src/my_dif_bot_bringup) by extension 'colcon_pkg'
[1.530s] Level 1:colcon.colcon_core.package_identification:_identify(src/my_dif_bot_bringup) by extensions ['colcon_meta']
[1.530s] Level 1:colcon.colcon_core.package_identification:_identify(src/my_dif_bot_bringup) by extension 'colcon_meta'
[1.531s] Level 1:colcon.colcon_core.package_identification:_identify(src/my_dif_bot_bringup) by extensions ['ros']
[1.531s] Level 1:colcon.colcon_core.package_identification:_identify(src/my_dif_bot_bringup) by extension 'ros'
[1.539s] DEBUG:colcon.colcon_core.package_identification:Package 'src/my_dif_bot_bringup' with type 'ros.ament_python' and name 'my_dif_bot_bringup'
[1.540s] Level 1:colcon.colcon_core.package_identification:_identify(src/my_dif_bot_control) by extensions ['ignore', 'ignore_ament_install']
[1.540s] Level 1:colcon.colcon_core.package_identification:_identify(src/my_dif_bot_control) by extension 'ignore'
[1.541s] Level 1:colcon.colcon_core.package_identification:_identify(src/my_dif_bot_control) by extension 'ignore_ament_install'
[1.541s] Level 1:colcon.colcon_core.package_identification:_identify(src/my_dif_bot_control) by extensions ['colcon_pkg']
[1.542s] Level 1:colcon.colcon_core.package_identification:_identify(src/my_dif_bot_control) by extension 'colcon_pkg'
[1.542s] Level 1:colcon.colcon_core.package_identification:_identify(src/my_dif_bot_control) by extensions ['colcon_meta']
[1.542s] Level 1:colcon.colcon_core.package_identification:_identify(src/my_dif_bot_control) by extension 'colcon_meta'
[1.543s] Level 1:colcon.colcon_core.package_identification:_identify(src/my_dif_bot_control) by extensions ['ros']
[1.543s] Level 1:colcon.colcon_core.package_identification:_identify(src/my_dif_bot_control) by extension 'ros'
[1.548s] DEBUG:colcon.colcon_core.package_identification:Package 'src/my_dif_bot_control' with type 'ros.ament_python' and name 'my_dif_bot_control'
[1.549s] Level 1:colcon.colcon_core.package_identification:_identify(src/my_dif_bot_description) by extensions ['ignore', 'ignore_ament_install']
[1.550s] Level 1:colcon.colcon_core.package_identification:_identify(src/my_dif_bot_description) by extension 'ignore'
[1.550s] Level 1:colcon.colcon_core.package_identification:_identify(src/my_dif_bot_description) by extension 'ignore_ament_install'
[1.550s] Level 1:colcon.colcon_core.package_identification:_identify(src/my_dif_bot_description) by extensions ['colcon_pkg']
[1.550s] Level 1:colcon.colcon_core.package_identification:_identify(src/my_dif_bot_description) by extension 'colcon_pkg'
[1.551s] Level 1:colcon.colcon_core.package_identification:_identify(src/my_dif_bot_description) by extensions ['colcon_meta']
[1.551s] Level 1:colcon.colcon_core.package_identification:_identify(src/my_dif_bot_description) by extension 'colcon_meta'
[1.551s] Level 1:colcon.colcon_core.package_identification:_identify(src/my_dif_bot_description) by extensions ['ros']
[1.551s] Level 1:colcon.colcon_core.package_identification:_identify(src/my_dif_bot_description) by extension 'ros'
[1.558s] DEBUG:colcon.colcon_core.package_identification:Package 'src/my_dif_bot_description' with type 'ros.ament_python' and name 'my_dif_bot_description'
[1.559s] Level 1:colcon.colcon_core.package_identification:_identify(src/robot_camera) by extensions ['ignore', 'ignore_ament_install']
[1.559s] Level 1:colcon.colcon_core.package_identification:_identify(src/robot_camera) by extension 'ignore'
[1.560s] Level 1:colcon.colcon_core.package_identification:_identify(src/robot_camera) by extension 'ignore_ament_install'
[1.561s] Level 1:colcon.colcon_core.package_identification:_identify(src/robot_camera) by extensions ['colcon_pkg']
[1.561s] Level 1:colcon.colcon_core.package_identification:_identify(src/robot_camera) by extension 'colcon_pkg'
[1.561s] Level 1:colcon.colcon_core.package_identification:_identify(src/robot_camera) by extensions ['colcon_meta']
[1.562s] Level 1:colcon.colcon_core.package_identification:_identify(src/robot_camera) by extension 'colcon_meta'
[1.562s] Level 1:colcon.colcon_core.package_identification:_identify(src/robot_camera) by extensions ['ros']
[1.562s] Level 1:colcon.colcon_core.package_identification:_identify(src/robot_camera) by extension 'ros'
[1.570s] DEBUG:colcon.colcon_core.package_identification:Package 'src/robot_camera' with type 'ros.ament_python' and name 'robot_camera'
[1.571s] Level 1:colcon.colcon_core.package_identification:_identify(src/robot_cv) by extensions ['ignore', 'ignore_ament_install']
[1.572s] Level 1:colcon.colcon_core.package_identification:_identify(src/robot_cv) by extension 'ignore'
[1.572s] Level 1:colcon.colcon_core.package_identification:_identify(src/robot_cv) by extension 'ignore_ament_install'
[1.573s] Level 1:colcon.colcon_core.package_identification:_identify(src/robot_cv) by extensions ['colcon_pkg']
[1.573s] Level 1:colcon.colcon_core.package_identification:_identify(src/robot_cv) by extension 'colcon_pkg'
[1.574s] Level 1:colcon.colcon_core.package_identification:_identify(src/robot_cv) by extensions ['colcon_meta']
[1.574s] Level 1:colcon.colcon_core.package_identification:_identify(src/robot_cv) by extension 'colcon_meta'
[1.575s] Level 1:colcon.colcon_core.package_identification:_identify(src/robot_cv) by extensions ['ros']
[1.575s] Level 1:colcon.colcon_core.package_identification:_identify(src/robot_cv) by extension 'ros'
[1.581s] DEBUG:colcon.colcon_core.package_identification:Package 'src/robot_cv' with type 'ros.ament_python' and name 'robot_cv'
[1.583s] Level 1:colcon.colcon_core.package_identification:_identify(src/rplidar_ros) by extensions ['ignore', 'ignore_ament_install']
[1.583s] Level 1:colcon.colcon_core.package_identification:_identify(src/rplidar_ros) by extension 'ignore'
[1.583s] Level 1:colcon.colcon_core.package_identification:_identify(src/rplidar_ros) by extension 'ignore_ament_install'
[1.584s] Level 1:colcon.colcon_core.package_identification:_identify(src/rplidar_ros) by extensions ['colcon_pkg']
[1.584s] Level 1:colcon.colcon_core.package_identification:_identify(src/rplidar_ros) by extension 'colcon_pkg'
[1.584s] Level 1:colcon.colcon_core.package_identification:_identify(src/rplidar_ros) by extensions ['colcon_meta']
[1.584s] Level 1:colcon.colcon_core.package_identification:_identify(src/rplidar_ros) by extension 'colcon_meta'
[1.584s] Level 1:colcon.colcon_core.package_identification:_identify(src/rplidar_ros) by extensions ['ros']
[1.585s] Level 1:colcon.colcon_core.package_identification:_identify(src/rplidar_ros) by extension 'ros'
[1.588s] DEBUG:colcon.colcon_core.package_identification:Package 'src/rplidar_ros' with type 'ros.ament_cmake' and name 'rplidar_ros'
[1.588s] Level 1:colcon.colcon_core.package_discovery:discover_packages(recursive) using defaults
[1.588s] Level 1:colcon.colcon_core.package_discovery:discover_packages(ignore) discover
[1.589s] Level 1:colcon.colcon_core.package_discovery:discover_packages(ignore) using defaults
[1.589s] Level 1:colcon.colcon_core.package_discovery:discover_packages(path) discover
[1.589s] Level 1:colcon.colcon_core.package_discovery:discover_packages(path) using defaults
[1.767s] INFO:colcon.colcon_core.package_selection:Skipping not selected package 'foxglove_bridge' in 'ros-foxglove-bridge'
[1.768s] INFO:colcon.colcon_core.package_selection:Skipping not selected package 'my_dif_bot_bringup' in 'src/my_dif_bot_bringup'
[1.768s] INFO:colcon.colcon_core.package_selection:Skipping not selected package 'my_dif_bot_control' in 'src/my_dif_bot_control'
[1.768s] INFO:colcon.colcon_core.package_selection:Skipping not selected package 'robot_camera' in 'src/robot_camera'
[1.768s] INFO:colcon.colcon_core.package_selection:Skipping not selected package 'robot_cv' in 'src/robot_cv'
[1.768s] INFO:colcon.colcon_core.package_selection:Skipping not selected package 'rplidar_ros' in 'src/rplidar_ros'
[1.775s] Level 1:colcon.colcon_core.package_discovery:discover_packages(prefix_path) check parameters
[1.775s] Level 1:colcon.colcon_core.package_discovery:discover_packages(prefix_path) discover
[1.800s] DEBUG:colcon.colcon_installed_package_information.package_discovery:Found 1 installed packages in /home/di/my_dif_bot/ros2_ws/install
[1.824s] DEBUG:colcon.colcon_installed_package_information.package_discovery:Found 376 installed packages in /opt/ros/jazzy
[1.831s] Level 1:colcon.colcon_core.package_discovery:discover_packages(prefix_path) using defaults
[2.571s] Level 5:colcon.colcon_core.verb:set package 'my_dif_bot_description' build argument 'cmake_args' from command line to 'None'
[2.571s] Level 5:colcon.colcon_core.verb:set package 'my_dif_bot_description' build argument 'cmake_target' from command line to 'None'
[2.572s] Level 5:colcon.colcon_core.verb:set package 'my_dif_bot_description' build argument 'cmake_target_skip_unavailable' from command line to 'False'
[2.572s] Level 5:colcon.colcon_core.verb:set package 'my_dif_bot_description' build argument 'cmake_clean_cache' from command line to 'False'
[2.572s] Level 5:colcon.colcon_core.verb:set package 'my_dif_bot_description' build argument 'cmake_clean_first' from command line to 'False'
[2.572s] Level 5:colcon.colcon_core.verb:set package 'my_dif_bot_description' build argument 'cmake_force_configure' from command line to 'False'
[2.573s] Level 5:colcon.colcon_core.verb:set package 'my_dif_bot_description' build argument 'ament_cmake_args' from command line to 'None'
[2.573s] Level 5:colcon.colcon_core.verb:set package 'my_dif_bot_description' build argument 'catkin_cmake_args' from command line to 'None'
[2.574s] Level 5:colcon.colcon_core.verb:set package 'my_dif_bot_description' build argument 'catkin_skip_building_tests' from command line to 'False'
[2.574s] DEBUG:colcon.colcon_core.verb:Building package 'my_dif_bot_description' with the following arguments: {'ament_cmake_args': None, 'build_base': '/home/di/my_dif_bot/ros2_ws/build/my_dif_bot_description', 'catkin_cmake_args': None, 'catkin_skip_building_tests': False, 'cmake_args': None, 'cmake_clean_cache': False, 'cmake_clean_first': False, 'cmake_force_configure': False, 'cmake_target': None, 'cmake_target_skip_unavailable': False, 'install_base': '/home/di/my_dif_bot/ros2_ws/install/my_dif_bot_description', 'merge_install': False, 'path': '/home/di/my_dif_bot/ros2_ws/src/my_dif_bot_description', 'symlink_install': True, 'test_result_base': None}
[2.575s] INFO:colcon.colcon_core.executor:Executing jobs using 'parallel' executor
[2.580s] DEBUG:colcon.colcon_parallel_executor.executor.parallel:run_until_complete
[2.581s] INFO:colcon.colcon_ros.task.ament_python.build:Building ROS package in '/home/di/my_dif_bot/ros2_ws/src/my_dif_bot_description' with build type 'ament_python'
[2.582s] Level 1:colcon.colcon_core.shell:create_environment_hook('my_dif_bot_description', 'ament_prefix_path')
[2.613s] INFO:colcon.colcon_core.plugin_system:Skipping extension 'colcon_core.shell.bat': Not used on non-Windows systems
[2.613s] INFO:colcon.colcon_core.shell:Creating environment hook '/home/di/my_dif_bot/ros2_ws/install/my_dif_bot_description/share/my_dif_bot_description/hook/ament_prefix_path.ps1'
[2.622s] INFO:colcon.colcon_core.shell:Creating environment descriptor '/home/di/my_dif_bot/ros2_ws/install/my_dif_bot_description/share/my_dif_bot_description/hook/ament_prefix_path.dsv'
[2.628s] INFO:colcon.colcon_core.shell:Creating environment hook '/home/di/my_dif_bot/ros2_ws/install/my_dif_bot_description/share/my_dif_bot_description/hook/ament_prefix_path.sh'
[2.632s] INFO:colcon.colcon_core.shell:Skip shell extension 'powershell' for command environment: Not usable outside of PowerShell
[2.632s] DEBUG:colcon.colcon_core.shell:Skip shell extension 'dsv' for command environment
[4.323s] INFO:colcon.colcon_core.task.python.build:Building Python package in '/home/di/my_dif_bot/ros2_ws/src/my_dif_bot_description'
[4.325s] INFO:colcon.colcon_core.shell:Skip shell extension 'powershell' for command environment: Not usable outside of PowerShell
[4.325s] DEBUG:colcon.colcon_core.shell:Skip shell extension 'dsv' for command environment
[10.613s] DEBUG:colcon.colcon_core.task.python.build:While undoing a previous installation files outside the Python library path are being ignored: /home/di/my_dif_bot/ros2_ws/install/my_dif_bot_description/share/ament_index/resource_index/packages/my_dif_bot_description
[10.613s] DEBUG:colcon.colcon_core.task.python.build:While undoing a previous installation files outside the Python library path are being ignored: /home/di/my_dif_bot/ros2_ws/install/my_dif_bot_description/share/my_dif_bot_description/package.xml
[10.614s] DEBUG:colcon.colcon_core.task.python.build:While undoing a previous installation files outside the Python library path are being ignored: /home/di/my_dif_bot/ros2_ws/install/my_dif_bot_description/share/my_dif_bot_description/launch/display.launch.py
[10.614s] DEBUG:colcon.colcon_core.task.python.build:While undoing a previous installation files outside the Python library path are being ignored: /home/di/my_dif_bot/ros2_ws/install/my_dif_bot_description/share/my_dif_bot_description/urdf/robot_core.xacro
[10.614s] DEBUG:colcon.colcon_core.task.python.build:While undoing a previous installation files outside the Python library path are being ignored: /home/di/my_dif_bot/ros2_ws/install/my_dif_bot_description/share/my_dif_bot_description/urdf/inertial_macros.xacro
[10.614s] DEBUG:colcon.colcon_core.task.python.build:While undoing a previous installation files outside the Python library path are being ignored: /home/di/my_dif_bot/ros2_ws/install/my_dif_bot_description/share/my_dif_bot_description/urdf/robot.urdf.xacro
[10.615s] DEBUG:colcon.colcon_core.task.python.build:While undoing a previous installation files outside the Python library path are being ignored: /home/di/my_dif_bot/ros2_ws/install/my_dif_bot_description/share/my_dif_bot_description/rviz/urdf.rviz
[10.630s] DEBUG:colcon.colcon_core.event_handler.log_command:Invoking command in '/home/di/my_dif_bot/ros2_ws/build/my_dif_bot_description': DEBUGINFOD_URLS=https://debuginfod.ubuntu.com PYTHONPATH=/home/di/my_dif_bot/ros2_ws/build/my_dif_bot_description/prefix_override:/usr/lib/python3/dist-packages/colcon_core/task/python/colcon_distutils_commands:/home/di/my_dif_bot/ros2_ws/install/my_dif_bot_description/lib/python3.12/site-packages:${PYTHONPATH} /usr/bin/python3 -W ignore:setup.py install is deprecated -W ignore:easy_install command is deprecated setup.py develop --editable --build-directory /home/di/my_dif_bot/ros2_ws/build/my_dif_bot_description/build --no-deps symlink_data --force
[16.210s] Level 1:colcon.colcon_core.shell:create_environment_hook('my_dif_bot_description', 'pythonpath_develop')
[16.211s] INFO:colcon.colcon_core.shell:Creating environment hook '/home/di/my_dif_bot/ros2_ws/build/my_dif_bot_description/share/my_dif_bot_description/hook/pythonpath_develop.ps1'
[16.213s] DEBUG:colcon.colcon_core.event_handler.log_command:Invoked command in '/home/di/my_dif_bot/ros2_ws/build/my_dif_bot_description' returned '0': DEBUGINFOD_URLS=https://debuginfod.ubuntu.com PYTHONPATH=/home/di/my_dif_bot/ros2_ws/build/my_dif_bot_description/prefix_override:/usr/lib/python3/dist-packages/colcon_core/task/python/colcon_distutils_commands:/home/di/my_dif_bot/ros2_ws/install/my_dif_bot_description/lib/python3.12/site-packages:${PYTHONPATH} /usr/bin/python3 -W ignore:setup.py install is deprecated -W ignore:easy_install command is deprecated setup.py develop --editable --build-directory /home/di/my_dif_bot/ros2_ws/build/my_dif_bot_description/build --no-deps symlink_data --force
[16.216s] INFO:colcon.colcon_core.shell:Creating environment descriptor '/home/di/my_dif_bot/ros2_ws/build/my_dif_bot_description/share/my_dif_bot_description/hook/pythonpath_develop.dsv'
[16.218s] INFO:colcon.colcon_core.shell:Creating environment hook '/home/di/my_dif_bot/ros2_ws/build/my_dif_bot_description/share/my_dif_bot_description/hook/pythonpath_develop.sh'
[16.253s] Level 1:colcon.colcon_core.environment:checking '/home/di/my_dif_bot/ros2_ws/install/my_dif_bot_description' for CMake module files
[16.258s] Level 1:colcon.colcon_core.environment:checking '/home/di/my_dif_bot/ros2_ws/install/my_dif_bot_description' for CMake config files
[16.264s] Level 1:colcon.colcon_core.environment:checking '/home/di/my_dif_bot/ros2_ws/install/my_dif_bot_description/lib'
[16.264s] Level 1:colcon.colcon_core.environment:checking '/home/di/my_dif_bot/ros2_ws/install/my_dif_bot_description/bin'
[16.265s] Level 1:colcon.colcon_core.environment:checking '/home/di/my_dif_bot/ros2_ws/install/my_dif_bot_description/lib/pkgconfig/my_dif_bot_description.pc'
[16.266s] Level 1:colcon.colcon_core.environment:checking '/home/di/my_dif_bot/ros2_ws/install/my_dif_bot_description/lib/python3.12/site-packages'
[16.267s] Level 1:colcon.colcon_core.shell:create_environment_hook('my_dif_bot_description', 'pythonpath')
[16.268s] INFO:colcon.colcon_core.shell:Creating environment hook '/home/di/my_dif_bot/ros2_ws/install/my_dif_bot_description/share/my_dif_bot_description/hook/pythonpath.ps1'
[16.271s] INFO:colcon.colcon_core.shell:Creating environment descriptor '/home/di/my_dif_bot/ros2_ws/install/my_dif_bot_description/share/my_dif_bot_description/hook/pythonpath.dsv'
[16.274s] INFO:colcon.colcon_core.shell:Creating environment hook '/home/di/my_dif_bot/ros2_ws/install/my_dif_bot_description/share/my_dif_bot_description/hook/pythonpath.sh'
[16.278s] Level 1:colcon.colcon_core.environment:checking '/home/di/my_dif_bot/ros2_ws/install/my_dif_bot_description/bin'
[16.279s] Level 1:colcon.colcon_core.environment:create_environment_scripts_only(my_dif_bot_description)
[16.280s] INFO:colcon.colcon_core.shell:Creating package script '/home/di/my_dif_bot/ros2_ws/install/my_dif_bot_description/share/my_dif_bot_description/package.ps1'
[16.289s] INFO:colcon.colcon_core.shell:Creating package descriptor '/home/di/my_dif_bot/ros2_ws/install/my_dif_bot_description/share/my_dif_bot_description/package.dsv'
[16.295s] INFO:colcon.colcon_core.shell:Creating package script '/home/di/my_dif_bot/ros2_ws/install/my_dif_bot_description/share/my_dif_bot_description/package.sh'
[16.301s] INFO:colcon.colcon_core.shell:Creating package script '/home/di/my_dif_bot/ros2_ws/install/my_dif_bot_description/share/my_dif_bot_description/package.bash'
[16.311s] INFO:colcon.colcon_core.shell:Creating package script '/home/di/my_dif_bot/ros2_ws/install/my_dif_bot_description/share/my_dif_bot_description/package.zsh'
[16.316s] Level 1:colcon.colcon_core.environment:create_file_with_runtime_dependencies(/home/di/my_dif_bot/ros2_ws/install/my_dif_bot_description/share/colcon-core/packages/my_dif_bot_description)
[16.321s] DEBUG:colcon.colcon_parallel_executor.executor.parallel:closing loop
[16.324s] DEBUG:colcon.colcon_parallel_executor.executor.parallel:loop closed
[16.325s] DEBUG:colcon.colcon_parallel_executor.executor.parallel:run_until_complete finished with '0'
[16.326s] DEBUG:colcon.colcon_core.event_reactor:joining thread
[16.396s] INFO:colcon.colcon_core.plugin_system:Skipping extension 'colcon_notification.desktop_notification.terminal_notifier': Not used on non-Darwin systems
[16.397s] INFO:colcon.colcon_core.plugin_system:Skipping extension 'colcon_notification.desktop_notification.win32': Not used on non-Windows systems
[16.397s] INFO:colcon.colcon_notification.desktop_notification:Sending desktop notification using 'notify2'
[16.490s] DEBUG:colcon.colcon_core.event_reactor:joined thread
[16.492s] INFO:colcon.colcon_core.shell:Creating prefix script '/home/di/my_dif_bot/ros2_ws/install/local_setup.ps1'
[16.499s] INFO:colcon.colcon_core.shell:Creating prefix util module '/home/di/my_dif_bot/ros2_ws/install/_local_setup_util_ps1.py'
[16.512s] INFO:colcon.colcon_core.shell:Creating prefix chain script '/home/di/my_dif_bot/ros2_ws/install/setup.ps1'
[16.523s] INFO:colcon.colcon_core.shell:Creating prefix script '/home/di/my_dif_bot/ros2_ws/install/local_setup.sh'
[16.529s] INFO:colcon.colcon_core.shell:Creating prefix util module '/home/di/my_dif_bot/ros2_ws/install/_local_setup_util_sh.py'
[16.534s] INFO:colcon.colcon_core.shell:Creating prefix chain script '/home/di/my_dif_bot/ros2_ws/install/setup.sh'
[16.544s] INFO:colcon.colcon_core.shell:Creating prefix script '/home/di/my_dif_bot/ros2_ws/install/local_setup.bash'
[16.550s] INFO:colcon.colcon_core.shell:Creating prefix chain script '/home/di/my_dif_bot/ros2_ws/install/setup.bash'
[16.558s] INFO:colcon.colcon_core.shell:Creating prefix script '/home/di/my_dif_bot/ros2_ws/install/local_setup.zsh'
[16.562s] INFO:colcon.colcon_core.shell:Creating prefix chain script '/home/di/my_dif_bot/ros2_ws/install/setup.zsh'
