running egg_info
creating ../../build/my_dif_bot_control/my_dif_bot_control.egg-info
writing ../../build/my_dif_bot_control/my_dif_bot_control.egg-info/PKG-INFO
writing dependency_links to ../../build/my_dif_bot_control/my_dif_bot_control.egg-info/dependency_links.txt
writing entry points to ../../build/my_dif_bot_control/my_dif_bot_control.egg-info/entry_points.txt
writing requirements to ../../build/my_dif_bot_control/my_dif_bot_control.egg-info/requires.txt
writing top-level names to ../../build/my_dif_bot_control/my_dif_bot_control.egg-info/top_level.txt
writing manifest file '../../build/my_dif_bot_control/my_dif_bot_control.egg-info/SOURCES.txt'
reading manifest file '../../build/my_dif_bot_control/my_dif_bot_control.egg-info/SOURCES.txt'
writing manifest file '../../build/my_dif_bot_control/my_dif_bot_control.egg-info/SOURCES.txt'
running build
running build_py
creating /home/di/my_dif_bot/ros2_ws/build/my_dif_bot_control/build
creating /home/di/my_dif_bot/ros2_ws/build/my_dif_bot_control/build/lib
creating /home/di/my_dif_bot/ros2_ws/build/my_dif_bot_control/build/lib/my_dif_bot_control
copying my_dif_bot_control/robot_controller_node.py -> /home/di/my_dif_bot/ros2_ws/build/my_dif_bot_control/build/lib/my_dif_bot_control
copying my_dif_bot_control/__init__.py -> /home/di/my_dif_bot/ros2_ws/build/my_dif_bot_control/build/lib/my_dif_bot_control
running install
running install_lib
creating /home/di/my_dif_bot/ros2_ws/install/my_dif_bot_control/lib/python3.12/site-packages/my_dif_bot_control
copying /home/di/my_dif_bot/ros2_ws/build/my_dif_bot_control/build/lib/my_dif_bot_control/robot_controller_node.py -> /home/di/my_dif_bot/ros2_ws/install/my_dif_bot_control/lib/python3.12/site-packages/my_dif_bot_control
copying /home/di/my_dif_bot/ros2_ws/build/my_dif_bot_control/build/lib/my_dif_bot_control/__init__.py -> /home/di/my_dif_bot/ros2_ws/install/my_dif_bot_control/lib/python3.12/site-packages/my_dif_bot_control
byte-compiling /home/di/my_dif_bot/ros2_ws/install/my_dif_bot_control/lib/python3.12/site-packages/my_dif_bot_control/robot_controller_node.py to robot_controller_node.cpython-312.pyc
byte-compiling /home/di/my_dif_bot/ros2_ws/install/my_dif_bot_control/lib/python3.12/site-packages/my_dif_bot_control/__init__.py to __init__.cpython-312.pyc
running install_data
creating /home/di/my_dif_bot/ros2_ws/install/my_dif_bot_control/share/ament_index
creating /home/di/my_dif_bot/ros2_ws/install/my_dif_bot_control/share/ament_index/resource_index
creating /home/di/my_dif_bot/ros2_ws/install/my_dif_bot_control/share/ament_index/resource_index/packages
copying resource/my_dif_bot_control -> /home/di/my_dif_bot/ros2_ws/install/my_dif_bot_control/share/ament_index/resource_index/packages
copying package.xml -> /home/di/my_dif_bot/ros2_ws/install/my_dif_bot_control/share/my_dif_bot_control
running install_egg_info
Copying ../../build/my_dif_bot_control/my_dif_bot_control.egg-info to /home/di/my_dif_bot/ros2_ws/install/my_dif_bot_control/lib/python3.12/site-packages/my_dif_bot_control-0.0.0-py3.12.egg-info
running install_scripts
Installing robot_driver_node script to /home/di/my_dif_bot/ros2_ws/install/my_dif_bot_control/lib/my_dif_bot_control
writing list of installed files to '/home/di/my_dif_bot/ros2_ws/build/my_dif_bot_control/install.log'
