[9.883s] Invoking command in '/home/di/my_dif_bot/ros2_ws/src/my_dif_bot_control': DEBUGINFOD_URLS=https://debuginfod.ubuntu.com PYTHONPATH=/home/di/my_dif_bot/ros2_ws/build/my_dif_bot_control/prefix_override:/usr/lib/python3/dist-packages/colcon_core/task/python/colcon_distutils_commands:/home/di/my_dif_bot/ros2_ws/install/my_dif_bot_control/lib/python3.12/site-packages:${PYTHONPATH} /usr/bin/python3 -W ignore:setup.py install is deprecated -W ignore:easy_install command is deprecated setup.py egg_info --egg-base ../../build/my_dif_bot_control build --build-base /home/di/my_dif_bot/ros2_ws/build/my_dif_bot_control/build install --record /home/di/my_dif_bot/ros2_ws/build/my_dif_bot_control/install.log --single-version-externally-managed install_data
[11.743s] running egg_info
[11.749s] creating ../../build/my_dif_bot_control/my_dif_bot_control.egg-info
[11.890s] writing ../../build/my_dif_bot_control/my_dif_bot_control.egg-info/PKG-INFO
[11.910s] writing dependency_links to ../../build/my_dif_bot_control/my_dif_bot_control.egg-info/dependency_links.txt
[11.911s] writing entry points to ../../build/my_dif_bot_control/my_dif_bot_control.egg-info/entry_points.txt
[11.911s] writing requirements to ../../build/my_dif_bot_control/my_dif_bot_control.egg-info/requires.txt
[11.918s] writing top-level names to ../../build/my_dif_bot_control/my_dif_bot_control.egg-info/top_level.txt
[11.919s] writing manifest file '../../build/my_dif_bot_control/my_dif_bot_control.egg-info/SOURCES.txt'
[12.196s] reading manifest file '../../build/my_dif_bot_control/my_dif_bot_control.egg-info/SOURCES.txt'
[12.207s] writing manifest file '../../build/my_dif_bot_control/my_dif_bot_control.egg-info/SOURCES.txt'
[12.208s] running build
[12.209s] running build_py
[12.210s] creating /home/di/my_dif_bot/ros2_ws/build/my_dif_bot_control/build
[12.211s] creating /home/di/my_dif_bot/ros2_ws/build/my_dif_bot_control/build/lib
[12.211s] creating /home/di/my_dif_bot/ros2_ws/build/my_dif_bot_control/build/lib/my_dif_bot_control
[12.212s] copying my_dif_bot_control/robot_controller_node.py -> /home/di/my_dif_bot/ros2_ws/build/my_dif_bot_control/build/lib/my_dif_bot_control
[12.212s] copying my_dif_bot_control/__init__.py -> /home/di/my_dif_bot/ros2_ws/build/my_dif_bot_control/build/lib/my_dif_bot_control
[12.221s] running install
[12.240s] running install_lib
[12.399s] creating /home/di/my_dif_bot/ros2_ws/install/my_dif_bot_control/lib/python3.12/site-packages/my_dif_bot_control
[12.401s] copying /home/di/my_dif_bot/ros2_ws/build/my_dif_bot_control/build/lib/my_dif_bot_control/robot_controller_node.py -> /home/di/my_dif_bot/ros2_ws/install/my_dif_bot_control/lib/python3.12/site-packages/my_dif_bot_control
[12.402s] copying /home/di/my_dif_bot/ros2_ws/build/my_dif_bot_control/build/lib/my_dif_bot_control/__init__.py -> /home/di/my_dif_bot/ros2_ws/install/my_dif_bot_control/lib/python3.12/site-packages/my_dif_bot_control
[12.405s] byte-compiling /home/di/my_dif_bot/ros2_ws/install/my_dif_bot_control/lib/python3.12/site-packages/my_dif_bot_control/robot_controller_node.py to robot_controller_node.cpython-312.pyc
[12.414s] byte-compiling /home/di/my_dif_bot/ros2_ws/install/my_dif_bot_control/lib/python3.12/site-packages/my_dif_bot_control/__init__.py to __init__.cpython-312.pyc
[12.415s] running install_data
[12.417s] creating /home/di/my_dif_bot/ros2_ws/install/my_dif_bot_control/share/ament_index
[12.418s] creating /home/di/my_dif_bot/ros2_ws/install/my_dif_bot_control/share/ament_index/resource_index
[12.421s] creating /home/di/my_dif_bot/ros2_ws/install/my_dif_bot_control/share/ament_index/resource_index/packages
[12.423s] copying resource/my_dif_bot_control -> /home/di/my_dif_bot/ros2_ws/install/my_dif_bot_control/share/ament_index/resource_index/packages
[12.425s] copying package.xml -> /home/di/my_dif_bot/ros2_ws/install/my_dif_bot_control/share/my_dif_bot_control
[12.426s] running install_egg_info
[12.585s] Copying ../../build/my_dif_bot_control/my_dif_bot_control.egg-info to /home/di/my_dif_bot/ros2_ws/install/my_dif_bot_control/lib/python3.12/site-packages/my_dif_bot_control-0.0.0-py3.12.egg-info
[12.595s] running install_scripts
[13.618s] Installing robot_driver_node script to /home/di/my_dif_bot/ros2_ws/install/my_dif_bot_control/lib/my_dif_bot_control
[13.627s] writing list of installed files to '/home/di/my_dif_bot/ros2_ws/build/my_dif_bot_control/install.log'
[13.903s] Invoked command in '/home/di/my_dif_bot/ros2_ws/src/my_dif_bot_control' returned '0': DEBUGINFOD_URLS=https://debuginfod.ubuntu.com PYTHONPATH=/home/di/my_dif_bot/ros2_ws/build/my_dif_bot_control/prefix_override:/usr/lib/python3/dist-packages/colcon_core/task/python/colcon_distutils_commands:/home/di/my_dif_bot/ros2_ws/install/my_dif_bot_control/lib/python3.12/site-packages:${PYTHONPATH} /usr/bin/python3 -W ignore:setup.py install is deprecated -W ignore:easy_install command is deprecated setup.py egg_info --egg-base ../../build/my_dif_bot_control build --build-base /home/di/my_dif_bot/ros2_ws/build/my_dif_bot_control/build install --record /home/di/my_dif_bot/ros2_ws/build/my_dif_bot_control/install.log --single-version-externally-managed install_data
