running egg_info
creating ../../build/my_dif_bot_bringup/my_dif_bot_bringup.egg-info
writing ../../build/my_dif_bot_bringup/my_dif_bot_bringup.egg-info/PKG-INFO
writing dependency_links to ../../build/my_dif_bot_bringup/my_dif_bot_bringup.egg-info/dependency_links.txt
writing requirements to ../../build/my_dif_bot_bringup/my_dif_bot_bringup.egg-info/requires.txt
writing top-level names to ../../build/my_dif_bot_bringup/my_dif_bot_bringup.egg-info/top_level.txt
writing manifest file '../../build/my_dif_bot_bringup/my_dif_bot_bringup.egg-info/SOURCES.txt'
reading manifest file '../../build/my_dif_bot_bringup/my_dif_bot_bringup.egg-info/SOURCES.txt'
writing manifest file '../../build/my_dif_bot_bringup/my_dif_bot_bringup.egg-info/SOURCES.txt'
running build
running build_py
creating /home/di/my_dif_bot/ros2_ws/build/my_dif_bot_bringup/build
creating /home/di/my_dif_bot/ros2_ws/build/my_dif_bot_bringup/build/lib
creating /home/di/my_dif_bot/ros2_ws/build/my_dif_bot_bringup/build/lib/my_dif_bot_bringup
copying my_dif_bot_bringup/__init__.py -> /home/di/my_dif_bot/ros2_ws/build/my_dif_bot_bringup/build/lib/my_dif_bot_bringup
running install
running install_lib
creating /home/di/my_dif_bot/ros2_ws/install/my_dif_bot_bringup/lib/python3.12/site-packages/my_dif_bot_bringup
copying /home/di/my_dif_bot/ros2_ws/build/my_dif_bot_bringup/build/lib/my_dif_bot_bringup/__init__.py -> /home/di/my_dif_bot/ros2_ws/install/my_dif_bot_bringup/lib/python3.12/site-packages/my_dif_bot_bringup
byte-compiling /home/di/my_dif_bot/ros2_ws/install/my_dif_bot_bringup/lib/python3.12/site-packages/my_dif_bot_bringup/__init__.py to __init__.cpython-312.pyc
running install_data
creating /home/di/my_dif_bot/ros2_ws/install/my_dif_bot_bringup/share/ament_index
creating /home/di/my_dif_bot/ros2_ws/install/my_dif_bot_bringup/share/ament_index/resource_index
creating /home/di/my_dif_bot/ros2_ws/install/my_dif_bot_bringup/share/ament_index/resource_index/packages
copying resource/my_dif_bot_bringup -> /home/di/my_dif_bot/ros2_ws/install/my_dif_bot_bringup/share/ament_index/resource_index/packages
copying package.xml -> /home/di/my_dif_bot/ros2_ws/install/my_dif_bot_bringup/share/my_dif_bot_bringup
running install_egg_info
Copying ../../build/my_dif_bot_bringup/my_dif_bot_bringup.egg-info to /home/di/my_dif_bot/ros2_ws/install/my_dif_bot_bringup/lib/python3.12/site-packages/my_dif_bot_bringup-0.0.0-py3.12.egg-info
running install_scripts
writing list of installed files to '/home/di/my_dif_bot/ros2_ws/build/my_dif_bot_bringup/install.log'
