[10.002s] Invoking command in '/home/di/my_dif_bot/ros2_ws/src/my_dif_bot_bringup': DEBUGINFOD_URLS=https://debuginfod.ubuntu.com PYTHONPATH=/home/di/my_dif_bot/ros2_ws/build/my_dif_bot_bringup/prefix_override:/usr/lib/python3/dist-packages/colcon_core/task/python/colcon_distutils_commands:/home/di/my_dif_bot/ros2_ws/install/my_dif_bot_bringup/lib/python3.12/site-packages:${PYTHONPATH} /usr/bin/python3 -W ignore:setup.py install is deprecated -W ignore:easy_install command is deprecated setup.py egg_info --egg-base ../../build/my_dif_bot_bringup build --build-base /home/di/my_dif_bot/ros2_ws/build/my_dif_bot_bringup/build install --record /home/di/my_dif_bot/ros2_ws/build/my_dif_bot_bringup/install.log --single-version-externally-managed install_data
[11.829s] running egg_info
[11.833s] creating ../../build/my_dif_bot_bringup/my_dif_bot_bringup.egg-info
[11.984s] writing ../../build/my_dif_bot_bringup/my_dif_bot_bringup.egg-info/PKG-INFO
[11.985s] writing dependency_links to ../../build/my_dif_bot_bringup/my_dif_bot_bringup.egg-info/dependency_links.txt
[11.986s] writing requirements to ../../build/my_dif_bot_bringup/my_dif_bot_bringup.egg-info/requires.txt
[11.986s] writing top-level names to ../../build/my_dif_bot_bringup/my_dif_bot_bringup.egg-info/top_level.txt
[11.987s] writing manifest file '../../build/my_dif_bot_bringup/my_dif_bot_bringup.egg-info/SOURCES.txt'
[12.281s] reading manifest file '../../build/my_dif_bot_bringup/my_dif_bot_bringup.egg-info/SOURCES.txt'
[12.285s] writing manifest file '../../build/my_dif_bot_bringup/my_dif_bot_bringup.egg-info/SOURCES.txt'
[12.290s] running build
[12.299s] running build_py
[12.302s] creating /home/di/my_dif_bot/ros2_ws/build/my_dif_bot_bringup/build
[12.302s] creating /home/di/my_dif_bot/ros2_ws/build/my_dif_bot_bringup/build/lib
[12.303s] creating /home/di/my_dif_bot/ros2_ws/build/my_dif_bot_bringup/build/lib/my_dif_bot_bringup
[12.304s] copying my_dif_bot_bringup/__init__.py -> /home/di/my_dif_bot/ros2_ws/build/my_dif_bot_bringup/build/lib/my_dif_bot_bringup
[12.304s] running install
[12.321s] running install_lib
[12.484s] creating /home/di/my_dif_bot/ros2_ws/install/my_dif_bot_bringup/lib/python3.12/site-packages/my_dif_bot_bringup
[12.485s] copying /home/di/my_dif_bot/ros2_ws/build/my_dif_bot_bringup/build/lib/my_dif_bot_bringup/__init__.py -> /home/di/my_dif_bot/ros2_ws/install/my_dif_bot_bringup/lib/python3.12/site-packages/my_dif_bot_bringup
[12.488s] byte-compiling /home/di/my_dif_bot/ros2_ws/install/my_dif_bot_bringup/lib/python3.12/site-packages/my_dif_bot_bringup/__init__.py to __init__.cpython-312.pyc
[12.490s] running install_data
[12.491s] creating /home/di/my_dif_bot/ros2_ws/install/my_dif_bot_bringup/share/ament_index
[12.491s] creating /home/di/my_dif_bot/ros2_ws/install/my_dif_bot_bringup/share/ament_index/resource_index
[12.492s] creating /home/di/my_dif_bot/ros2_ws/install/my_dif_bot_bringup/share/ament_index/resource_index/packages
[12.493s] copying resource/my_dif_bot_bringup -> /home/di/my_dif_bot/ros2_ws/install/my_dif_bot_bringup/share/ament_index/resource_index/packages
[12.495s] copying package.xml -> /home/di/my_dif_bot/ros2_ws/install/my_dif_bot_bringup/share/my_dif_bot_bringup
[12.496s] running install_egg_info
[12.659s] Copying ../../build/my_dif_bot_bringup/my_dif_bot_bringup.egg-info to /home/di/my_dif_bot/ros2_ws/install/my_dif_bot_bringup/lib/python3.12/site-packages/my_dif_bot_bringup-0.0.0-py3.12.egg-info
[12.667s] running install_scripts
[13.719s] writing list of installed files to '/home/di/my_dif_bot/ros2_ws/build/my_dif_bot_bringup/install.log'
[14.098s] Invoked command in '/home/di/my_dif_bot/ros2_ws/src/my_dif_bot_bringup' returned '0': DEBUGINFOD_URLS=https://debuginfod.ubuntu.com PYTHONPATH=/home/di/my_dif_bot/ros2_ws/build/my_dif_bot_bringup/prefix_override:/usr/lib/python3/dist-packages/colcon_core/task/python/colcon_distutils_commands:/home/di/my_dif_bot/ros2_ws/install/my_dif_bot_bringup/lib/python3.12/site-packages:${PYTHONPATH} /usr/bin/python3 -W ignore:setup.py install is deprecated -W ignore:easy_install command is deprecated setup.py egg_info --egg-base ../../build/my_dif_bot_bringup build --build-base /home/di/my_dif_bot/ros2_ws/build/my_dif_bot_bringup/build install --record /home/di/my_dif_bot/ros2_ws/build/my_dif_bot_bringup/install.log --single-version-externally-managed install_data
