[8.340s] Invoking command in '/home/di/my_dif_bot/ros2_ws/src/robot_camera': DEBUGINFOD_URLS=https://debuginfod.ubuntu.com PYTHONPATH=/home/di/my_dif_bot/ros2_ws/build/robot_camera/prefix_override:/usr/lib/python3/dist-packages/colcon_core/task/python/colcon_distutils_commands:/home/di/my_dif_bot/ros2_ws/install/robot_camera/lib/python3.12/site-packages:${PYTHONPATH} /usr/bin/python3 -W ignore:setup.py install is deprecated -W ignore:easy_install command is deprecated setup.py egg_info --egg-base ../../build/robot_camera build --build-base /home/di/my_dif_bot/ros2_ws/build/robot_camera/build install --record /home/di/my_dif_bot/ros2_ws/build/robot_camera/install.log --single-version-externally-managed install_data
[11.091s] running egg_info
[11.305s] writing ../../build/robot_camera/robot_camera.egg-info/PKG-INFO
[11.308s] writing dependency_links to ../../build/robot_camera/robot_camera.egg-info/dependency_links.txt
[11.310s] writing entry points to ../../build/robot_camera/robot_camera.egg-info/entry_points.txt
[11.316s] writing requirements to ../../build/robot_camera/robot_camera.egg-info/requires.txt
[11.318s] writing top-level names to ../../build/robot_camera/robot_camera.egg-info/top_level.txt
[11.758s] reading manifest file '../../build/robot_camera/robot_camera.egg-info/SOURCES.txt'
[11.763s] writing manifest file '../../build/robot_camera/robot_camera.egg-info/SOURCES.txt'
[11.765s] running build
[11.766s] running build_py
[11.768s] running install
[11.809s] running install_lib
[12.041s] running install_data
[12.043s] copying config/camera_params.yaml -> /home/di/my_dif_bot/ros2_ws/install/robot_camera/share/robot_camera/config
[12.044s] running install_egg_info
[12.263s] removing '/home/di/my_dif_bot/ros2_ws/install/robot_camera/lib/python3.12/site-packages/robot_camera-0.0.0-py3.12.egg-info' (and everything under it)
[12.268s] Copying ../../build/robot_camera/robot_camera.egg-info to /home/di/my_dif_bot/ros2_ws/install/robot_camera/lib/python3.12/site-packages/robot_camera-0.0.0-py3.12.egg-info
[12.285s] running install_scripts
[13.739s] Installing camera_node script to /home/di/my_dif_bot/ros2_ws/install/robot_camera/lib/robot_camera
[13.741s] writing list of installed files to '/home/di/my_dif_bot/ros2_ws/build/robot_camera/install.log'
[14.019s] Invoked command in '/home/di/my_dif_bot/ros2_ws/src/robot_camera' returned '0': DEBUGINFOD_URLS=https://debuginfod.ubuntu.com PYTHONPATH=/home/di/my_dif_bot/ros2_ws/build/robot_camera/prefix_override:/usr/lib/python3/dist-packages/colcon_core/task/python/colcon_distutils_commands:/home/di/my_dif_bot/ros2_ws/install/robot_camera/lib/python3.12/site-packages:${PYTHONPATH} /usr/bin/python3 -W ignore:setup.py install is deprecated -W ignore:easy_install command is deprecated setup.py egg_info --egg-base ../../build/robot_camera build --build-base /home/di/my_dif_bot/ros2_ws/build/robot_camera/build install --record /home/di/my_dif_bot/ros2_ws/build/robot_camera/install.log --single-version-externally-managed install_data
