[0.805s] DEBUG:colcon:Command line arguments: ['/usr/bin/colcon', 'build', '--symlink-install', '--packages-select', 'my_dif_bot_description']
[0.806s] DEBUG:colcon:Parsed command line arguments: Namespace(log_base=None, log_level=None, verb_name='build', build_base='build', install_base='install', merge_install=False, symlink_install=True, test_result_base=None, continue_on_error=False, executor='parallel', parallel_workers=4, event_handlers=None, ignore_user_meta=False, metas=['./colcon.meta'], base_paths=['.'], packages_ignore=None, packages_ignore_regex=None, paths=None, packages_up_to=None, packages_up_to_regex=None, packages_above=None, packages_above_and_dependencies=None, packages_above_depth=None, packages_select_by_dep=None, packages_skip_by_dep=None, packages_skip_up_to=None, packages_select_build_failed=False, packages_skip_build_finished=False, packages_select_test_failures=False, packages_skip_test_passed=False, packages_select=['my_dif_bot_description'], packages_skip=None, packages_select_regex=None, packages_skip_regex=None, packages_start=None, packages_end=None, allow_overriding=[], cmake_args=None, cmake_target=None, cmake_target_skip_unavailable=False, cmake_clean_cache=False, cmake_clean_first=False, cmake_force_configure=False, ament_cmake_args=None, catkin_cmake_args=None, catkin_skip_building_tests=False, mixin_files=None, mixin=None, verb_parser=<colcon_mixin.mixin.mixin_argument.MixinArgumentDecorator object at 0xffffb5171d00>, verb_extension=<colcon_core.verb.build.BuildVerb object at 0xffffb5171a90>, main=<bound method BuildVerb.main of <colcon_core.verb.build.BuildVerb object at 0xffffb5171a90>>, mixin_verb=('build',))
[1.087s] Level 1:colcon.colcon_core.package_discovery:discover_packages(colcon_meta) check parameters
[1.087s] Level 1:colcon.colcon_core.package_discovery:discover_packages(recursive) check parameters
[1.087s] Level 1:colcon.colcon_core.package_discovery:discover_packages(ignore) check parameters
[1.088s] Level 1:colcon.colcon_core.package_discovery:discover_packages(path) check parameters
[1.088s] Level 1:colcon.colcon_core.package_discovery:discover_packages(colcon_meta) discover
[1.088s] Level 1:colcon.colcon_core.package_discovery:discover_packages(recursive) discover
[1.088s] INFO:colcon.colcon_core.package_discovery:Crawling recursively for packages in '/home/di/my_dif_bot/ros2_ws'
[1.089s] Level 1:colcon.colcon_core.package_identification:_identify(.) by extensions ['ignore', 'ignore_ament_install']
[1.089s] Level 1:colcon.colcon_core.package_identification:_identify(.) by extension 'ignore'
[1.090s] Level 1:colcon.colcon_core.package_identification:_identify(.) by extension 'ignore_ament_install'
[1.090s] Level 1:colcon.colcon_core.package_identification:_identify(.) by extensions ['colcon_pkg']
[1.090s] Level 1:colcon.colcon_core.package_identification:_identify(.) by extension 'colcon_pkg'
[1.090s] Level 1:colcon.colcon_core.package_identification:_identify(.) by extensions ['colcon_meta']
[1.091s] Level 1:colcon.colcon_core.package_identification:_identify(.) by extension 'colcon_meta'
[1.091s] Level 1:colcon.colcon_core.package_identification:_identify(.) by extensions ['ros']
[1.091s] Level 1:colcon.colcon_core.package_identification:_identify(.) by extension 'ros'
[1.224s] Level 1:colcon.colcon_core.package_identification:_identify(.) by extensions ['cmake', 'python']
[1.225s] Level 1:colcon.colcon_core.package_identification:_identify(.) by extension 'cmake'
[1.225s] Level 1:colcon.colcon_core.package_identification:_identify(.) by extension 'python'
[1.225s] Level 1:colcon.colcon_core.package_identification:_identify(.) by extensions ['python_setup_py']
[1.225s] Level 1:colcon.colcon_core.package_identification:_identify(.) by extension 'python_setup_py'
[1.226s] Level 1:colcon.colcon_core.package_identification:_identify(build) by extensions ['ignore', 'ignore_ament_install']
[1.226s] Level 1:colcon.colcon_core.package_identification:_identify(build) by extension 'ignore'
[1.227s] Level 1:colcon.colcon_core.package_identification:_identify(build) ignored
[1.228s] Level 1:colcon.colcon_core.package_identification:_identify(install) by extensions ['ignore', 'ignore_ament_install']
[1.228s] Level 1:colcon.colcon_core.package_identification:_identify(install) by extension 'ignore'
[1.228s] Level 1:colcon.colcon_core.package_identification:_identify(install) ignored
[1.229s] Level 1:colcon.colcon_core.package_identification:_identify(log) by extensions ['ignore', 'ignore_ament_install']
[1.229s] Level 1:colcon.colcon_core.package_identification:_identify(log) by extension 'ignore'
[1.230s] Level 1:colcon.colcon_core.package_identification:_identify(log) ignored
[1.232s] Level 1:colcon.colcon_core.package_identification:_identify(ros-foxglove-bridge) by extensions ['ignore', 'ignore_ament_install']
[1.233s] Level 1:colcon.colcon_core.package_identification:_identify(ros-foxglove-bridge) by extension 'ignore'
[1.233s] Level 1:colcon.colcon_core.package_identification:_identify(ros-foxglove-bridge) by extension 'ignore_ament_install'
[1.233s] Level 1:colcon.colcon_core.package_identification:_identify(ros-foxglove-bridge) by extensions ['colcon_pkg']
[1.234s] Level 1:colcon.colcon_core.package_identification:_identify(ros-foxglove-bridge) by extension 'colcon_pkg'
[1.234s] Level 1:colcon.colcon_core.package_identification:_identify(ros-foxglove-bridge) by extensions ['colcon_meta']
[1.234s] Level 1:colcon.colcon_core.package_identification:_identify(ros-foxglove-bridge) by extension 'colcon_meta'
[1.234s] Level 1:colcon.colcon_core.package_identification:_identify(ros-foxglove-bridge) by extensions ['ros']
[1.234s] Level 1:colcon.colcon_core.package_identification:_identify(ros-foxglove-bridge) by extension 'ros'
[1.301s] DEBUG:colcon.colcon_core.package_identification:Package 'ros-foxglove-bridge' with type 'ros.ament_cmake' and name 'foxglove_bridge'
[1.302s] Level 1:colcon.colcon_core.package_identification:_identify(src) by extensions ['ignore', 'ignore_ament_install']
[1.302s] Level 1:colcon.colcon_core.package_identification:_identify(src) by extension 'ignore'
[1.302s] Level 1:colcon.colcon_core.package_identification:_identify(src) by extension 'ignore_ament_install'
[1.303s] Level 1:colcon.colcon_core.package_identification:_identify(src) by extensions ['colcon_pkg']
[1.303s] Level 1:colcon.colcon_core.package_identification:_identify(src) by extension 'colcon_pkg'
[1.303s] Level 1:colcon.colcon_core.package_identification:_identify(src) by extensions ['colcon_meta']
[1.303s] Level 1:colcon.colcon_core.package_identification:_identify(src) by extension 'colcon_meta'
[1.304s] Level 1:colcon.colcon_core.package_identification:_identify(src) by extensions ['ros']
[1.304s] Level 1:colcon.colcon_core.package_identification:_identify(src) by extension 'ros'
[1.304s] Level 1:colcon.colcon_core.package_identification:_identify(src) by extensions ['cmake', 'python']
[1.304s] Level 1:colcon.colcon_core.package_identification:_identify(src) by extension 'cmake'
[1.304s] Level 1:colcon.colcon_core.package_identification:_identify(src) by extension 'python'
[1.305s] Level 1:colcon.colcon_core.package_identification:_identify(src) by extensions ['python_setup_py']
[1.305s] Level 1:colcon.colcon_core.package_identification:_identify(src) by extension 'python_setup_py'
[1.305s] Level 1:colcon.colcon_core.package_identification:_identify(src/my_dif_bot_bringup) by extensions ['ignore', 'ignore_ament_install']
[1.306s] Level 1:colcon.colcon_core.package_identification:_identify(src/my_dif_bot_bringup) by extension 'ignore'
[1.306s] Level 1:colcon.colcon_core.package_identification:_identify(src/my_dif_bot_bringup) by extension 'ignore_ament_install'
[1.307s] Level 1:colcon.colcon_core.package_identification:_identify(src/my_dif_bot_bringup) by extensions ['colcon_pkg']
[1.307s] Level 1:colcon.colcon_core.package_identification:_identify(src/my_dif_bot_bringup) by extension 'colcon_pkg'
[1.307s] Level 1:colcon.colcon_core.package_identification:_identify(src/my_dif_bot_bringup) by extensions ['colcon_meta']
[1.307s] Level 1:colcon.colcon_core.package_identification:_identify(src/my_dif_bot_bringup) by extension 'colcon_meta'
[1.308s] Level 1:colcon.colcon_core.package_identification:_identify(src/my_dif_bot_bringup) by extensions ['ros']
[1.308s] Level 1:colcon.colcon_core.package_identification:_identify(src/my_dif_bot_bringup) by extension 'ros'
[1.312s] DEBUG:colcon.colcon_core.package_identification:Package 'src/my_dif_bot_bringup' with type 'ros.ament_python' and name 'my_dif_bot_bringup'
[1.313s] Level 1:colcon.colcon_core.package_identification:_identify(src/my_dif_bot_control) by extensions ['ignore', 'ignore_ament_install']
[1.313s] Level 1:colcon.colcon_core.package_identification:_identify(src/my_dif_bot_control) by extension 'ignore'
[1.314s] Level 1:colcon.colcon_core.package_identification:_identify(src/my_dif_bot_control) by extension 'ignore_ament_install'
[1.314s] Level 1:colcon.colcon_core.package_identification:_identify(src/my_dif_bot_control) by extensions ['colcon_pkg']
[1.314s] Level 1:colcon.colcon_core.package_identification:_identify(src/my_dif_bot_control) by extension 'colcon_pkg'
[1.315s] Level 1:colcon.colcon_core.package_identification:_identify(src/my_dif_bot_control) by extensions ['colcon_meta']
[1.315s] Level 1:colcon.colcon_core.package_identification:_identify(src/my_dif_bot_control) by extension 'colcon_meta'
[1.315s] Level 1:colcon.colcon_core.package_identification:_identify(src/my_dif_bot_control) by extensions ['ros']
[1.315s] Level 1:colcon.colcon_core.package_identification:_identify(src/my_dif_bot_control) by extension 'ros'
[1.320s] DEBUG:colcon.colcon_core.package_identification:Package 'src/my_dif_bot_control' with type 'ros.ament_python' and name 'my_dif_bot_control'
[1.321s] Level 1:colcon.colcon_core.package_identification:_identify(src/my_dif_bot_description) by extensions ['ignore', 'ignore_ament_install']
[1.322s] Level 1:colcon.colcon_core.package_identification:_identify(src/my_dif_bot_description) by extension 'ignore'
[1.322s] Level 1:colcon.colcon_core.package_identification:_identify(src/my_dif_bot_description) by extension 'ignore_ament_install'
[1.322s] Level 1:colcon.colcon_core.package_identification:_identify(src/my_dif_bot_description) by extensions ['colcon_pkg']
[1.322s] Level 1:colcon.colcon_core.package_identification:_identify(src/my_dif_bot_description) by extension 'colcon_pkg'
[1.323s] Level 1:colcon.colcon_core.package_identification:_identify(src/my_dif_bot_description) by extensions ['colcon_meta']
[1.323s] Level 1:colcon.colcon_core.package_identification:_identify(src/my_dif_bot_description) by extension 'colcon_meta'
[1.323s] Level 1:colcon.colcon_core.package_identification:_identify(src/my_dif_bot_description) by extensions ['ros']
[1.323s] Level 1:colcon.colcon_core.package_identification:_identify(src/my_dif_bot_description) by extension 'ros'
[1.329s] DEBUG:colcon.colcon_core.package_identification:Package 'src/my_dif_bot_description' with type 'ros.ament_python' and name 'my_dif_bot_description'
[1.330s] Level 1:colcon.colcon_core.package_identification:_identify(src/robot_camera) by extensions ['ignore', 'ignore_ament_install']
[1.331s] Level 1:colcon.colcon_core.package_identification:_identify(src/robot_camera) by extension 'ignore'
[1.331s] Level 1:colcon.colcon_core.package_identification:_identify(src/robot_camera) by extension 'ignore_ament_install'
[1.331s] Level 1:colcon.colcon_core.package_identification:_identify(src/robot_camera) by extensions ['colcon_pkg']
[1.331s] Level 1:colcon.colcon_core.package_identification:_identify(src/robot_camera) by extension 'colcon_pkg'
[1.332s] Level 1:colcon.colcon_core.package_identification:_identify(src/robot_camera) by extensions ['colcon_meta']
[1.332s] Level 1:colcon.colcon_core.package_identification:_identify(src/robot_camera) by extension 'colcon_meta'
[1.332s] Level 1:colcon.colcon_core.package_identification:_identify(src/robot_camera) by extensions ['ros']
[1.332s] Level 1:colcon.colcon_core.package_identification:_identify(src/robot_camera) by extension 'ros'
[1.337s] DEBUG:colcon.colcon_core.package_identification:Package 'src/robot_camera' with type 'ros.ament_python' and name 'robot_camera'
[1.338s] Level 1:colcon.colcon_core.package_identification:_identify(src/robot_cv) by extensions ['ignore', 'ignore_ament_install']
[1.339s] Level 1:colcon.colcon_core.package_identification:_identify(src/robot_cv) by extension 'ignore'
[1.339s] Level 1:colcon.colcon_core.package_identification:_identify(src/robot_cv) by extension 'ignore_ament_install'
[1.339s] Level 1:colcon.colcon_core.package_identification:_identify(src/robot_cv) by extensions ['colcon_pkg']
[1.340s] Level 1:colcon.colcon_core.package_identification:_identify(src/robot_cv) by extension 'colcon_pkg'
[1.340s] Level 1:colcon.colcon_core.package_identification:_identify(src/robot_cv) by extensions ['colcon_meta']
[1.340s] Level 1:colcon.colcon_core.package_identification:_identify(src/robot_cv) by extension 'colcon_meta'
[1.340s] Level 1:colcon.colcon_core.package_identification:_identify(src/robot_cv) by extensions ['ros']
[1.340s] Level 1:colcon.colcon_core.package_identification:_identify(src/robot_cv) by extension 'ros'
[1.345s] DEBUG:colcon.colcon_core.package_identification:Package 'src/robot_cv' with type 'ros.ament_python' and name 'robot_cv'
[1.346s] Level 1:colcon.colcon_core.package_identification:_identify(src/rplidar_ros) by extensions ['ignore', 'ignore_ament_install']
[1.347s] Level 1:colcon.colcon_core.package_identification:_identify(src/rplidar_ros) by extension 'ignore'
[1.348s] Level 1:colcon.colcon_core.package_identification:_identify(src/rplidar_ros) by extension 'ignore_ament_install'
[1.348s] Level 1:colcon.colcon_core.package_identification:_identify(src/rplidar_ros) by extensions ['colcon_pkg']
[1.348s] Level 1:colcon.colcon_core.package_identification:_identify(src/rplidar_ros) by extension 'colcon_pkg'
[1.349s] Level 1:colcon.colcon_core.package_identification:_identify(src/rplidar_ros) by extensions ['colcon_meta']
[1.349s] Level 1:colcon.colcon_core.package_identification:_identify(src/rplidar_ros) by extension 'colcon_meta'
[1.349s] Level 1:colcon.colcon_core.package_identification:_identify(src/rplidar_ros) by extensions ['ros']
[1.349s] Level 1:colcon.colcon_core.package_identification:_identify(src/rplidar_ros) by extension 'ros'
[1.353s] DEBUG:colcon.colcon_core.package_identification:Package 'src/rplidar_ros' with type 'ros.ament_cmake' and name 'rplidar_ros'
[1.353s] Level 1:colcon.colcon_core.package_discovery:discover_packages(recursive) using defaults
[1.353s] Level 1:colcon.colcon_core.package_discovery:discover_packages(ignore) discover
[1.354s] Level 1:colcon.colcon_core.package_discovery:discover_packages(ignore) using defaults
[1.354s] Level 1:colcon.colcon_core.package_discovery:discover_packages(path) discover
[1.354s] Level 1:colcon.colcon_core.package_discovery:discover_packages(path) using defaults
[1.498s] INFO:colcon.colcon_core.package_selection:Skipping not selected package 'foxglove_bridge' in 'ros-foxglove-bridge'
[1.499s] INFO:colcon.colcon_core.package_selection:Skipping not selected package 'my_dif_bot_bringup' in 'src/my_dif_bot_bringup'
[1.499s] INFO:colcon.colcon_core.package_selection:Skipping not selected package 'my_dif_bot_control' in 'src/my_dif_bot_control'
[1.499s] INFO:colcon.colcon_core.package_selection:Skipping not selected package 'robot_camera' in 'src/robot_camera'
[1.499s] INFO:colcon.colcon_core.package_selection:Skipping not selected package 'robot_cv' in 'src/robot_cv'
[1.499s] INFO:colcon.colcon_core.package_selection:Skipping not selected package 'rplidar_ros' in 'src/rplidar_ros'
[1.505s] Level 1:colcon.colcon_core.package_discovery:discover_packages(prefix_path) check parameters
[1.505s] Level 1:colcon.colcon_core.package_discovery:discover_packages(prefix_path) discover
[1.522s] DEBUG:colcon.colcon_installed_package_information.package_discovery:Found 1 installed packages in /home/di/my_dif_bot/ros2_ws/install
[1.539s] DEBUG:colcon.colcon_installed_package_information.package_discovery:Found 376 installed packages in /opt/ros/jazzy
[1.545s] Level 1:colcon.colcon_core.package_discovery:discover_packages(prefix_path) using defaults
[2.154s] Level 5:colcon.colcon_core.verb:set package 'my_dif_bot_description' build argument 'cmake_args' from command line to 'None'
[2.154s] Level 5:colcon.colcon_core.verb:set package 'my_dif_bot_description' build argument 'cmake_target' from command line to 'None'
[2.154s] Level 5:colcon.colcon_core.verb:set package 'my_dif_bot_description' build argument 'cmake_target_skip_unavailable' from command line to 'False'
[2.154s] Level 5:colcon.colcon_core.verb:set package 'my_dif_bot_description' build argument 'cmake_clean_cache' from command line to 'False'
[2.155s] Level 5:colcon.colcon_core.verb:set package 'my_dif_bot_description' build argument 'cmake_clean_first' from command line to 'False'
[2.155s] Level 5:colcon.colcon_core.verb:set package 'my_dif_bot_description' build argument 'cmake_force_configure' from command line to 'False'
[2.155s] Level 5:colcon.colcon_core.verb:set package 'my_dif_bot_description' build argument 'ament_cmake_args' from command line to 'None'
[2.156s] Level 5:colcon.colcon_core.verb:set package 'my_dif_bot_description' build argument 'catkin_cmake_args' from command line to 'None'
[2.156s] Level 5:colcon.colcon_core.verb:set package 'my_dif_bot_description' build argument 'catkin_skip_building_tests' from command line to 'False'
[2.156s] DEBUG:colcon.colcon_core.verb:Building package 'my_dif_bot_description' with the following arguments: {'ament_cmake_args': None, 'build_base': '/home/di/my_dif_bot/ros2_ws/build/my_dif_bot_description', 'catkin_cmake_args': None, 'catkin_skip_building_tests': False, 'cmake_args': None, 'cmake_clean_cache': False, 'cmake_clean_first': False, 'cmake_force_configure': False, 'cmake_target': None, 'cmake_target_skip_unavailable': False, 'install_base': '/home/di/my_dif_bot/ros2_ws/install/my_dif_bot_description', 'merge_install': False, 'path': '/home/di/my_dif_bot/ros2_ws/src/my_dif_bot_description', 'symlink_install': True, 'test_result_base': None}
[2.157s] INFO:colcon.colcon_core.executor:Executing jobs using 'parallel' executor
[2.161s] DEBUG:colcon.colcon_parallel_executor.executor.parallel:run_until_complete
[2.162s] INFO:colcon.colcon_ros.task.ament_python.build:Building ROS package in '/home/di/my_dif_bot/ros2_ws/src/my_dif_bot_description' with build type 'ament_python'
[2.162s] Level 1:colcon.colcon_core.shell:create_environment_hook('my_dif_bot_description', 'ament_prefix_path')
[2.184s] INFO:colcon.colcon_core.plugin_system:Skipping extension 'colcon_core.shell.bat': Not used on non-Windows systems
[2.185s] INFO:colcon.colcon_core.shell:Creating environment hook '/home/di/my_dif_bot/ros2_ws/install/my_dif_bot_description/share/my_dif_bot_description/hook/ament_prefix_path.ps1'
[2.188s] INFO:colcon.colcon_core.shell:Creating environment descriptor '/home/di/my_dif_bot/ros2_ws/install/my_dif_bot_description/share/my_dif_bot_description/hook/ament_prefix_path.dsv'
[2.192s] INFO:colcon.colcon_core.shell:Creating environment hook '/home/di/my_dif_bot/ros2_ws/install/my_dif_bot_description/share/my_dif_bot_description/hook/ament_prefix_path.sh'
[2.196s] INFO:colcon.colcon_core.shell:Skip shell extension 'powershell' for command environment: Not usable outside of PowerShell
[2.197s] DEBUG:colcon.colcon_core.shell:Skip shell extension 'dsv' for command environment
[3.474s] INFO:colcon.colcon_core.task.python.build:Building Python package in '/home/di/my_dif_bot/ros2_ws/src/my_dif_bot_description'
[3.475s] INFO:colcon.colcon_core.shell:Skip shell extension 'powershell' for command environment: Not usable outside of PowerShell
[3.475s] DEBUG:colcon.colcon_core.shell:Skip shell extension 'dsv' for command environment
[7.631s] DEBUG:colcon.colcon_core.event_handler.log_command:Invoking command in '/home/di/my_dif_bot/ros2_ws/build/my_dif_bot_description': DEBUGINFOD_URLS=https://debuginfod.ubuntu.com PYTHONPATH=/home/di/my_dif_bot/ros2_ws/build/my_dif_bot_description/prefix_override:/usr/lib/python3/dist-packages/colcon_core/task/python/colcon_distutils_commands:/home/di/my_dif_bot/ros2_ws/install/my_dif_bot_description/lib/python3.12/site-packages:${PYTHONPATH} /usr/bin/python3 -W ignore:setup.py install is deprecated -W ignore:easy_install command is deprecated setup.py develop --editable --build-directory /home/di/my_dif_bot/ros2_ws/build/my_dif_bot_description/build --no-deps symlink_data
[11.734s] Level 1:colcon.colcon_core.shell:create_environment_hook('my_dif_bot_description', 'pythonpath_develop')
[11.735s] INFO:colcon.colcon_core.shell:Creating environment hook '/home/di/my_dif_bot/ros2_ws/build/my_dif_bot_description/share/my_dif_bot_description/hook/pythonpath_develop.ps1'
[11.736s] DEBUG:colcon.colcon_core.event_handler.log_command:Invoked command in '/home/di/my_dif_bot/ros2_ws/build/my_dif_bot_description' returned '0': DEBUGINFOD_URLS=https://debuginfod.ubuntu.com PYTHONPATH=/home/di/my_dif_bot/ros2_ws/build/my_dif_bot_description/prefix_override:/usr/lib/python3/dist-packages/colcon_core/task/python/colcon_distutils_commands:/home/di/my_dif_bot/ros2_ws/install/my_dif_bot_description/lib/python3.12/site-packages:${PYTHONPATH} /usr/bin/python3 -W ignore:setup.py install is deprecated -W ignore:easy_install command is deprecated setup.py develop --editable --build-directory /home/di/my_dif_bot/ros2_ws/build/my_dif_bot_description/build --no-deps symlink_data
[11.738s] INFO:colcon.colcon_core.shell:Creating environment descriptor '/home/di/my_dif_bot/ros2_ws/build/my_dif_bot_description/share/my_dif_bot_description/hook/pythonpath_develop.dsv'
[11.741s] INFO:colcon.colcon_core.shell:Creating environment hook '/home/di/my_dif_bot/ros2_ws/build/my_dif_bot_description/share/my_dif_bot_description/hook/pythonpath_develop.sh'
[11.767s] Level 1:colcon.colcon_core.environment:checking '/home/di/my_dif_bot/ros2_ws/install/my_dif_bot_description' for CMake module files
[11.771s] Level 1:colcon.colcon_core.environment:checking '/home/di/my_dif_bot/ros2_ws/install/my_dif_bot_description' for CMake config files
[11.777s] Level 1:colcon.colcon_core.environment:checking '/home/di/my_dif_bot/ros2_ws/install/my_dif_bot_description/lib'
[11.778s] Level 1:colcon.colcon_core.environment:checking '/home/di/my_dif_bot/ros2_ws/install/my_dif_bot_description/bin'
[11.779s] Level 1:colcon.colcon_core.environment:checking '/home/di/my_dif_bot/ros2_ws/install/my_dif_bot_description/lib/pkgconfig/my_dif_bot_description.pc'
[11.780s] Level 1:colcon.colcon_core.environment:checking '/home/di/my_dif_bot/ros2_ws/install/my_dif_bot_description/lib/python3.12/site-packages'
[11.780s] Level 1:colcon.colcon_core.shell:create_environment_hook('my_dif_bot_description', 'pythonpath')
[11.781s] INFO:colcon.colcon_core.shell:Creating environment hook '/home/di/my_dif_bot/ros2_ws/install/my_dif_bot_description/share/my_dif_bot_description/hook/pythonpath.ps1'
[11.783s] INFO:colcon.colcon_core.shell:Creating environment descriptor '/home/di/my_dif_bot/ros2_ws/install/my_dif_bot_description/share/my_dif_bot_description/hook/pythonpath.dsv'
[11.786s] INFO:colcon.colcon_core.shell:Creating environment hook '/home/di/my_dif_bot/ros2_ws/install/my_dif_bot_description/share/my_dif_bot_description/hook/pythonpath.sh'
[11.788s] Level 1:colcon.colcon_core.environment:checking '/home/di/my_dif_bot/ros2_ws/install/my_dif_bot_description/bin'
[11.789s] Level 1:colcon.colcon_core.environment:create_environment_scripts_only(my_dif_bot_description)
[11.790s] INFO:colcon.colcon_core.shell:Creating package script '/home/di/my_dif_bot/ros2_ws/install/my_dif_bot_description/share/my_dif_bot_description/package.ps1'
[11.794s] INFO:colcon.colcon_core.shell:Creating package descriptor '/home/di/my_dif_bot/ros2_ws/install/my_dif_bot_description/share/my_dif_bot_description/package.dsv'
[11.798s] INFO:colcon.colcon_core.shell:Creating package script '/home/di/my_dif_bot/ros2_ws/install/my_dif_bot_description/share/my_dif_bot_description/package.sh'
[11.807s] INFO:colcon.colcon_core.shell:Creating package script '/home/di/my_dif_bot/ros2_ws/install/my_dif_bot_description/share/my_dif_bot_description/package.bash'
[11.812s] INFO:colcon.colcon_core.shell:Creating package script '/home/di/my_dif_bot/ros2_ws/install/my_dif_bot_description/share/my_dif_bot_description/package.zsh'
[11.816s] Level 1:colcon.colcon_core.environment:create_file_with_runtime_dependencies(/home/di/my_dif_bot/ros2_ws/install/my_dif_bot_description/share/colcon-core/packages/my_dif_bot_description)
[11.819s] DEBUG:colcon.colcon_parallel_executor.executor.parallel:closing loop
[11.820s] DEBUG:colcon.colcon_parallel_executor.executor.parallel:loop closed
[11.821s] DEBUG:colcon.colcon_parallel_executor.executor.parallel:run_until_complete finished with '0'
[11.821s] DEBUG:colcon.colcon_core.event_reactor:joining thread
[11.869s] INFO:colcon.colcon_core.plugin_system:Skipping extension 'colcon_notification.desktop_notification.terminal_notifier': Not used on non-Darwin systems
[11.869s] INFO:colcon.colcon_core.plugin_system:Skipping extension 'colcon_notification.desktop_notification.win32': Not used on non-Windows systems
[11.869s] INFO:colcon.colcon_notification.desktop_notification:Sending desktop notification using 'notify2'
[11.946s] DEBUG:colcon.colcon_core.event_reactor:joined thread
[11.948s] INFO:colcon.colcon_core.shell:Creating prefix script '/home/di/my_dif_bot/ros2_ws/install/local_setup.ps1'
[11.954s] INFO:colcon.colcon_core.shell:Creating prefix util module '/home/di/my_dif_bot/ros2_ws/install/_local_setup_util_ps1.py'
[11.960s] INFO:colcon.colcon_core.shell:Creating prefix chain script '/home/di/my_dif_bot/ros2_ws/install/setup.ps1'
[11.971s] INFO:colcon.colcon_core.shell:Creating prefix script '/home/di/my_dif_bot/ros2_ws/install/local_setup.sh'
[11.981s] INFO:colcon.colcon_core.shell:Creating prefix util module '/home/di/my_dif_bot/ros2_ws/install/_local_setup_util_sh.py'
[11.986s] INFO:colcon.colcon_core.shell:Creating prefix chain script '/home/di/my_dif_bot/ros2_ws/install/setup.sh'
[11.995s] INFO:colcon.colcon_core.shell:Creating prefix script '/home/di/my_dif_bot/ros2_ws/install/local_setup.bash'
[12.000s] INFO:colcon.colcon_core.shell:Creating prefix chain script '/home/di/my_dif_bot/ros2_ws/install/setup.bash'
[12.012s] INFO:colcon.colcon_core.shell:Creating prefix script '/home/di/my_dif_bot/ros2_ws/install/local_setup.zsh'
[12.017s] INFO:colcon.colcon_core.shell:Creating prefix chain script '/home/di/my_dif_bot/ros2_ws/install/setup.zsh'
