[0.582s] DEBUG:colcon:Command line arguments: ['/usr/bin/colcon', 'build', '--symlink-install', '--packages-select', 'robot_camera']
[0.583s] DEBUG:colcon:Parsed command line arguments: Namespace(log_base=None, log_level=None, verb_name='build', build_base='build', install_base='install', merge_install=False, symlink_install=True, test_result_base=None, continue_on_error=False, executor='parallel', parallel_workers=4, event_handlers=None, ignore_user_meta=False, metas=['./colcon.meta'], base_paths=['.'], packages_ignore=None, packages_ignore_regex=None, paths=None, packages_up_to=None, packages_up_to_regex=None, packages_above=None, packages_above_and_dependencies=None, packages_above_depth=None, packages_select_by_dep=None, packages_skip_by_dep=None, packages_skip_up_to=None, packages_select_build_failed=False, packages_skip_build_finished=False, packages_select_test_failures=False, packages_skip_test_passed=False, packages_select=['robot_camera'], packages_skip=None, packages_select_regex=None, packages_skip_regex=None, packages_start=None, packages_end=None, allow_overriding=[], cmake_args=None, cmake_target=None, cmake_target_skip_unavailable=False, cmake_clean_cache=False, cmake_clean_first=False, cmake_force_configure=False, ament_cmake_args=None, catkin_cmake_args=None, catkin_skip_building_tests=False, mixin_files=None, mixin=None, verb_parser=<colcon_mixin.mixin.mixin_argument.MixinArgumentDecorator object at 0xffff89f55c70>, verb_extension=<colcon_core.verb.build.BuildVerb object at 0xffff89f55dc0>, main=<bound method BuildVerb.main of <colcon_core.verb.build.BuildVerb object at 0xffff89f55dc0>>, mixin_verb=('build',))
[0.786s] Level 1:colcon.colcon_core.package_discovery:discover_packages(colcon_meta) check parameters
[0.786s] Level 1:colcon.colcon_core.package_discovery:discover_packages(recursive) check parameters
[0.787s] Level 1:colcon.colcon_core.package_discovery:discover_packages(ignore) check parameters
[0.787s] Level 1:colcon.colcon_core.package_discovery:discover_packages(path) check parameters
[0.787s] Level 1:colcon.colcon_core.package_discovery:discover_packages(colcon_meta) discover
[0.787s] Level 1:colcon.colcon_core.package_discovery:discover_packages(recursive) discover
[0.787s] INFO:colcon.colcon_core.package_discovery:Crawling recursively for packages in '/home/di/my_dif_bot/ros2_ws'
[0.788s] Level 1:colcon.colcon_core.package_identification:_identify(.) by extensions ['ignore', 'ignore_ament_install']
[0.788s] Level 1:colcon.colcon_core.package_identification:_identify(.) by extension 'ignore'
[0.789s] Level 1:colcon.colcon_core.package_identification:_identify(.) by extension 'ignore_ament_install'
[0.789s] Level 1:colcon.colcon_core.package_identification:_identify(.) by extensions ['colcon_pkg']
[0.789s] Level 1:colcon.colcon_core.package_identification:_identify(.) by extension 'colcon_pkg'
[0.789s] Level 1:colcon.colcon_core.package_identification:_identify(.) by extensions ['colcon_meta']
[0.789s] Level 1:colcon.colcon_core.package_identification:_identify(.) by extension 'colcon_meta'
[0.790s] Level 1:colcon.colcon_core.package_identification:_identify(.) by extensions ['ros']
[0.790s] Level 1:colcon.colcon_core.package_identification:_identify(.) by extension 'ros'
[0.909s] Level 1:colcon.colcon_core.package_identification:_identify(.) by extensions ['cmake', 'python']
[0.910s] Level 1:colcon.colcon_core.package_identification:_identify(.) by extension 'cmake'
[0.910s] Level 1:colcon.colcon_core.package_identification:_identify(.) by extension 'python'
[0.910s] Level 1:colcon.colcon_core.package_identification:_identify(.) by extensions ['python_setup_py']
[0.910s] Level 1:colcon.colcon_core.package_identification:_identify(.) by extension 'python_setup_py'
[0.911s] Level 1:colcon.colcon_core.package_identification:_identify(build) by extensions ['ignore', 'ignore_ament_install']
[0.911s] Level 1:colcon.colcon_core.package_identification:_identify(build) by extension 'ignore'
[0.912s] Level 1:colcon.colcon_core.package_identification:_identify(build) ignored
[0.912s] Level 1:colcon.colcon_core.package_identification:_identify(install) by extensions ['ignore', 'ignore_ament_install']
[0.913s] Level 1:colcon.colcon_core.package_identification:_identify(install) by extension 'ignore'
[0.913s] Level 1:colcon.colcon_core.package_identification:_identify(install) ignored
[0.914s] Level 1:colcon.colcon_core.package_identification:_identify(log) by extensions ['ignore', 'ignore_ament_install']
[0.914s] Level 1:colcon.colcon_core.package_identification:_identify(log) by extension 'ignore'
[0.914s] Level 1:colcon.colcon_core.package_identification:_identify(log) ignored
[0.915s] Level 1:colcon.colcon_core.package_identification:_identify(src) by extensions ['ignore', 'ignore_ament_install']
[0.915s] Level 1:colcon.colcon_core.package_identification:_identify(src) by extension 'ignore'
[0.915s] Level 1:colcon.colcon_core.package_identification:_identify(src) by extension 'ignore_ament_install'
[0.916s] Level 1:colcon.colcon_core.package_identification:_identify(src) by extensions ['colcon_pkg']
[0.916s] Level 1:colcon.colcon_core.package_identification:_identify(src) by extension 'colcon_pkg'
[0.916s] Level 1:colcon.colcon_core.package_identification:_identify(src) by extensions ['colcon_meta']
[0.917s] Level 1:colcon.colcon_core.package_identification:_identify(src) by extension 'colcon_meta'
[0.917s] Level 1:colcon.colcon_core.package_identification:_identify(src) by extensions ['ros']
[0.917s] Level 1:colcon.colcon_core.package_identification:_identify(src) by extension 'ros'
[0.917s] Level 1:colcon.colcon_core.package_identification:_identify(src) by extensions ['cmake', 'python']
[0.918s] Level 1:colcon.colcon_core.package_identification:_identify(src) by extension 'cmake'
[0.918s] Level 1:colcon.colcon_core.package_identification:_identify(src) by extension 'python'
[0.918s] Level 1:colcon.colcon_core.package_identification:_identify(src) by extensions ['python_setup_py']
[0.918s] Level 1:colcon.colcon_core.package_identification:_identify(src) by extension 'python_setup_py'
[0.919s] Level 1:colcon.colcon_core.package_identification:_identify(src/my_dif_bot_bringup) by extensions ['ignore', 'ignore_ament_install']
[0.920s] Level 1:colcon.colcon_core.package_identification:_identify(src/my_dif_bot_bringup) by extension 'ignore'
[0.920s] Level 1:colcon.colcon_core.package_identification:_identify(src/my_dif_bot_bringup) by extension 'ignore_ament_install'
[0.920s] Level 1:colcon.colcon_core.package_identification:_identify(src/my_dif_bot_bringup) by extensions ['colcon_pkg']
[0.920s] Level 1:colcon.colcon_core.package_identification:_identify(src/my_dif_bot_bringup) by extension 'colcon_pkg'
[0.921s] Level 1:colcon.colcon_core.package_identification:_identify(src/my_dif_bot_bringup) by extensions ['colcon_meta']
[0.921s] Level 1:colcon.colcon_core.package_identification:_identify(src/my_dif_bot_bringup) by extension 'colcon_meta'
[0.921s] Level 1:colcon.colcon_core.package_identification:_identify(src/my_dif_bot_bringup) by extensions ['ros']
[0.921s] Level 1:colcon.colcon_core.package_identification:_identify(src/my_dif_bot_bringup) by extension 'ros'
[0.931s] DEBUG:colcon.colcon_core.package_identification:Package 'src/my_dif_bot_bringup' with type 'ros.ament_python' and name 'my_dif_bot_bringup'
[0.932s] Level 1:colcon.colcon_core.package_identification:_identify(src/my_dif_bot_control) by extensions ['ignore', 'ignore_ament_install']
[0.932s] Level 1:colcon.colcon_core.package_identification:_identify(src/my_dif_bot_control) by extension 'ignore'
[0.932s] Level 1:colcon.colcon_core.package_identification:_identify(src/my_dif_bot_control) by extension 'ignore_ament_install'
[0.933s] Level 1:colcon.colcon_core.package_identification:_identify(src/my_dif_bot_control) by extensions ['colcon_pkg']
[0.933s] Level 1:colcon.colcon_core.package_identification:_identify(src/my_dif_bot_control) by extension 'colcon_pkg'
[0.933s] Level 1:colcon.colcon_core.package_identification:_identify(src/my_dif_bot_control) by extensions ['colcon_meta']
[0.933s] Level 1:colcon.colcon_core.package_identification:_identify(src/my_dif_bot_control) by extension 'colcon_meta'
[0.934s] Level 1:colcon.colcon_core.package_identification:_identify(src/my_dif_bot_control) by extensions ['ros']
[0.934s] Level 1:colcon.colcon_core.package_identification:_identify(src/my_dif_bot_control) by extension 'ros'
[0.936s] DEBUG:colcon.colcon_core.package_identification:Package 'src/my_dif_bot_control' with type 'ros.ament_python' and name 'my_dif_bot_control'
[0.937s] Level 1:colcon.colcon_core.package_identification:_identify(src/my_dif_bot_description) by extensions ['ignore', 'ignore_ament_install']
[0.937s] Level 1:colcon.colcon_core.package_identification:_identify(src/my_dif_bot_description) by extension 'ignore'
[0.938s] Level 1:colcon.colcon_core.package_identification:_identify(src/my_dif_bot_description) by extension 'ignore_ament_install'
[0.938s] Level 1:colcon.colcon_core.package_identification:_identify(src/my_dif_bot_description) by extensions ['colcon_pkg']
[0.938s] Level 1:colcon.colcon_core.package_identification:_identify(src/my_dif_bot_description) by extension 'colcon_pkg'
[0.938s] Level 1:colcon.colcon_core.package_identification:_identify(src/my_dif_bot_description) by extensions ['colcon_meta']
[0.938s] Level 1:colcon.colcon_core.package_identification:_identify(src/my_dif_bot_description) by extension 'colcon_meta'
[0.939s] Level 1:colcon.colcon_core.package_identification:_identify(src/my_dif_bot_description) by extensions ['ros']
[0.939s] Level 1:colcon.colcon_core.package_identification:_identify(src/my_dif_bot_description) by extension 'ros'
[0.941s] DEBUG:colcon.colcon_core.package_identification:Package 'src/my_dif_bot_description' with type 'ros.ament_python' and name 'my_dif_bot_description'
[0.942s] Level 1:colcon.colcon_core.package_identification:_identify(src/robot_camera) by extensions ['ignore', 'ignore_ament_install']
[0.942s] Level 1:colcon.colcon_core.package_identification:_identify(src/robot_camera) by extension 'ignore'
[0.942s] Level 1:colcon.colcon_core.package_identification:_identify(src/robot_camera) by extension 'ignore_ament_install'
[0.943s] Level 1:colcon.colcon_core.package_identification:_identify(src/robot_camera) by extensions ['colcon_pkg']
[0.943s] Level 1:colcon.colcon_core.package_identification:_identify(src/robot_camera) by extension 'colcon_pkg'
[0.943s] Level 1:colcon.colcon_core.package_identification:_identify(src/robot_camera) by extensions ['colcon_meta']
[0.943s] Level 1:colcon.colcon_core.package_identification:_identify(src/robot_camera) by extension 'colcon_meta'
[0.944s] Level 1:colcon.colcon_core.package_identification:_identify(src/robot_camera) by extensions ['ros']
[0.944s] Level 1:colcon.colcon_core.package_identification:_identify(src/robot_camera) by extension 'ros'
[0.947s] DEBUG:colcon.colcon_core.package_identification:Package 'src/robot_camera' with type 'ros.ament_python' and name 'robot_camera'
[0.947s] Level 1:colcon.colcon_core.package_discovery:discover_packages(recursive) using defaults
[0.947s] Level 1:colcon.colcon_core.package_discovery:discover_packages(ignore) discover
[0.947s] Level 1:colcon.colcon_core.package_discovery:discover_packages(ignore) using defaults
[0.947s] Level 1:colcon.colcon_core.package_discovery:discover_packages(path) discover
[0.948s] Level 1:colcon.colcon_core.package_discovery:discover_packages(path) using defaults
[1.029s] INFO:colcon.colcon_core.package_selection:Skipping not selected package 'my_dif_bot_bringup' in 'src/my_dif_bot_bringup'
[1.029s] INFO:colcon.colcon_core.package_selection:Skipping not selected package 'my_dif_bot_control' in 'src/my_dif_bot_control'
[1.029s] INFO:colcon.colcon_core.package_selection:Skipping not selected package 'my_dif_bot_description' in 'src/my_dif_bot_description'
[1.031s] Level 1:colcon.colcon_core.package_discovery:discover_packages(prefix_path) check parameters
[1.031s] Level 1:colcon.colcon_core.package_discovery:discover_packages(prefix_path) discover
[1.042s] DEBUG:colcon.colcon_installed_package_information.package_discovery:Found 3 installed packages in /home/di/my_dif_bot/ros2_ws/install
[1.058s] DEBUG:colcon.colcon_installed_package_information.package_discovery:Found 376 installed packages in /opt/ros/jazzy
[1.068s] Level 1:colcon.colcon_core.package_discovery:discover_packages(prefix_path) using defaults
[1.352s] Level 5:colcon.colcon_core.verb:set package 'robot_camera' build argument 'cmake_args' from command line to 'None'
[1.352s] Level 5:colcon.colcon_core.verb:set package 'robot_camera' build argument 'cmake_target' from command line to 'None'
[1.352s] Level 5:colcon.colcon_core.verb:set package 'robot_camera' build argument 'cmake_target_skip_unavailable' from command line to 'False'
[1.353s] Level 5:colcon.colcon_core.verb:set package 'robot_camera' build argument 'cmake_clean_cache' from command line to 'False'
[1.353s] Level 5:colcon.colcon_core.verb:set package 'robot_camera' build argument 'cmake_clean_first' from command line to 'False'
[1.353s] Level 5:colcon.colcon_core.verb:set package 'robot_camera' build argument 'cmake_force_configure' from command line to 'False'
[1.353s] Level 5:colcon.colcon_core.verb:set package 'robot_camera' build argument 'ament_cmake_args' from command line to 'None'
[1.353s] Level 5:colcon.colcon_core.verb:set package 'robot_camera' build argument 'catkin_cmake_args' from command line to 'None'
[1.353s] Level 5:colcon.colcon_core.verb:set package 'robot_camera' build argument 'catkin_skip_building_tests' from command line to 'False'
[1.353s] DEBUG:colcon.colcon_core.verb:Building package 'robot_camera' with the following arguments: {'ament_cmake_args': None, 'build_base': '/home/di/my_dif_bot/ros2_ws/build/robot_camera', 'catkin_cmake_args': None, 'catkin_skip_building_tests': False, 'cmake_args': None, 'cmake_clean_cache': False, 'cmake_clean_first': False, 'cmake_force_configure': False, 'cmake_target': None, 'cmake_target_skip_unavailable': False, 'install_base': '/home/di/my_dif_bot/ros2_ws/install/robot_camera', 'merge_install': False, 'path': '/home/di/my_dif_bot/ros2_ws/src/robot_camera', 'symlink_install': True, 'test_result_base': None}
[1.354s] INFO:colcon.colcon_core.executor:Executing jobs using 'parallel' executor
[1.357s] DEBUG:colcon.colcon_parallel_executor.executor.parallel:run_until_complete
[1.358s] INFO:colcon.colcon_ros.task.ament_python.build:Building ROS package in '/home/di/my_dif_bot/ros2_ws/src/robot_camera' with build type 'ament_python'
[1.359s] Level 1:colcon.colcon_core.shell:create_environment_hook('robot_camera', 'ament_prefix_path')
[1.369s] INFO:colcon.colcon_core.plugin_system:Skipping extension 'colcon_core.shell.bat': Not used on non-Windows systems
[1.370s] INFO:colcon.colcon_core.shell:Creating environment hook '/home/di/my_dif_bot/ros2_ws/install/robot_camera/share/robot_camera/hook/ament_prefix_path.ps1'
[1.373s] INFO:colcon.colcon_core.shell:Creating environment descriptor '/home/di/my_dif_bot/ros2_ws/install/robot_camera/share/robot_camera/hook/ament_prefix_path.dsv'
[1.375s] INFO:colcon.colcon_core.shell:Creating environment hook '/home/di/my_dif_bot/ros2_ws/install/robot_camera/share/robot_camera/hook/ament_prefix_path.sh'
[1.378s] INFO:colcon.colcon_core.shell:Skip shell extension 'powershell' for command environment: Not usable outside of PowerShell
[1.379s] DEBUG:colcon.colcon_core.shell:Skip shell extension 'dsv' for command environment
[2.603s] INFO:colcon.colcon_core.task.python.build:Building Python package in '/home/di/my_dif_bot/ros2_ws/src/robot_camera'
[2.604s] INFO:colcon.colcon_core.shell:Skip shell extension 'powershell' for command environment: Not usable outside of PowerShell
[2.604s] DEBUG:colcon.colcon_core.shell:Skip shell extension 'dsv' for command environment
[6.040s] DEBUG:colcon.colcon_core.event_handler.log_command:Invoking command in '/home/di/my_dif_bot/ros2_ws/build/robot_camera': DEBUGINFOD_URLS=https://debuginfod.ubuntu.com PYTHONPATH=/home/di/my_dif_bot/ros2_ws/build/robot_camera/prefix_override:/usr/lib/python3/dist-packages/colcon_core/task/python/colcon_distutils_commands:/home/di/my_dif_bot/ros2_ws/install/robot_camera/lib/python3.12/site-packages:${PYTHONPATH} /usr/bin/python3 -W ignore:setup.py install is deprecated -W ignore:easy_install command is deprecated setup.py develop --editable --build-directory /home/di/my_dif_bot/ros2_ws/build/robot_camera/build --no-deps symlink_data
[9.983s] Level 1:colcon.colcon_core.shell:create_environment_hook('robot_camera', 'pythonpath_develop')
[9.985s] INFO:colcon.colcon_core.shell:Creating environment hook '/home/di/my_dif_bot/ros2_ws/build/robot_camera/share/robot_camera/hook/pythonpath_develop.ps1'
[9.986s] DEBUG:colcon.colcon_core.event_handler.log_command:Invoked command in '/home/di/my_dif_bot/ros2_ws/build/robot_camera' returned '0': DEBUGINFOD_URLS=https://debuginfod.ubuntu.com PYTHONPATH=/home/di/my_dif_bot/ros2_ws/build/robot_camera/prefix_override:/usr/lib/python3/dist-packages/colcon_core/task/python/colcon_distutils_commands:/home/di/my_dif_bot/ros2_ws/install/robot_camera/lib/python3.12/site-packages:${PYTHONPATH} /usr/bin/python3 -W ignore:setup.py install is deprecated -W ignore:easy_install command is deprecated setup.py develop --editable --build-directory /home/di/my_dif_bot/ros2_ws/build/robot_camera/build --no-deps symlink_data
[9.989s] INFO:colcon.colcon_core.shell:Creating environment descriptor '/home/di/my_dif_bot/ros2_ws/build/robot_camera/share/robot_camera/hook/pythonpath_develop.dsv'
[9.991s] INFO:colcon.colcon_core.shell:Creating environment hook '/home/di/my_dif_bot/ros2_ws/build/robot_camera/share/robot_camera/hook/pythonpath_develop.sh'
[10.004s] Level 1:colcon.colcon_core.environment:checking '/home/di/my_dif_bot/ros2_ws/install/robot_camera' for CMake module files
[10.007s] Level 1:colcon.colcon_core.environment:checking '/home/di/my_dif_bot/ros2_ws/install/robot_camera' for CMake config files
[10.010s] Level 1:colcon.colcon_core.environment:checking '/home/di/my_dif_bot/ros2_ws/install/robot_camera/lib'
[10.011s] Level 1:colcon.colcon_core.environment:checking '/home/di/my_dif_bot/ros2_ws/install/robot_camera/bin'
[10.011s] Level 1:colcon.colcon_core.environment:checking '/home/di/my_dif_bot/ros2_ws/install/robot_camera/lib/pkgconfig/robot_camera.pc'
[10.012s] Level 1:colcon.colcon_core.environment:checking '/home/di/my_dif_bot/ros2_ws/install/robot_camera/lib/python3.12/site-packages'
[10.013s] Level 1:colcon.colcon_core.shell:create_environment_hook('robot_camera', 'pythonpath')
[10.014s] INFO:colcon.colcon_core.shell:Creating environment hook '/home/di/my_dif_bot/ros2_ws/install/robot_camera/share/robot_camera/hook/pythonpath.ps1'
[10.016s] INFO:colcon.colcon_core.shell:Creating environment descriptor '/home/di/my_dif_bot/ros2_ws/install/robot_camera/share/robot_camera/hook/pythonpath.dsv'
[10.018s] INFO:colcon.colcon_core.shell:Creating environment hook '/home/di/my_dif_bot/ros2_ws/install/robot_camera/share/robot_camera/hook/pythonpath.sh'
[10.020s] Level 1:colcon.colcon_core.environment:checking '/home/di/my_dif_bot/ros2_ws/install/robot_camera/bin'
[10.021s] Level 1:colcon.colcon_core.environment:create_environment_scripts_only(robot_camera)
[10.022s] INFO:colcon.colcon_core.shell:Creating package script '/home/di/my_dif_bot/ros2_ws/install/robot_camera/share/robot_camera/package.ps1'
[10.025s] INFO:colcon.colcon_core.shell:Creating package descriptor '/home/di/my_dif_bot/ros2_ws/install/robot_camera/share/robot_camera/package.dsv'
[10.028s] INFO:colcon.colcon_core.shell:Creating package script '/home/di/my_dif_bot/ros2_ws/install/robot_camera/share/robot_camera/package.sh'
[10.032s] INFO:colcon.colcon_core.shell:Creating package script '/home/di/my_dif_bot/ros2_ws/install/robot_camera/share/robot_camera/package.bash'
[10.036s] INFO:colcon.colcon_core.shell:Creating package script '/home/di/my_dif_bot/ros2_ws/install/robot_camera/share/robot_camera/package.zsh'
[10.040s] Level 1:colcon.colcon_core.environment:create_file_with_runtime_dependencies(/home/di/my_dif_bot/ros2_ws/install/robot_camera/share/colcon-core/packages/robot_camera)
[10.042s] DEBUG:colcon.colcon_parallel_executor.executor.parallel:closing loop
[10.044s] DEBUG:colcon.colcon_parallel_executor.executor.parallel:loop closed
[10.045s] DEBUG:colcon.colcon_parallel_executor.executor.parallel:run_until_complete finished with '0'
[10.046s] DEBUG:colcon.colcon_core.event_reactor:joining thread
[10.075s] INFO:colcon.colcon_core.plugin_system:Skipping extension 'colcon_notification.desktop_notification.terminal_notifier': Not used on non-Darwin systems
[10.075s] INFO:colcon.colcon_core.plugin_system:Skipping extension 'colcon_notification.desktop_notification.win32': Not used on non-Windows systems
[10.076s] INFO:colcon.colcon_notification.desktop_notification:Sending desktop notification using 'notify2'
[10.133s] DEBUG:colcon.colcon_core.event_reactor:joined thread
[10.134s] INFO:colcon.colcon_core.shell:Creating prefix script '/home/di/my_dif_bot/ros2_ws/install/local_setup.ps1'
[10.138s] INFO:colcon.colcon_core.shell:Creating prefix util module '/home/di/my_dif_bot/ros2_ws/install/_local_setup_util_ps1.py'
[10.143s] INFO:colcon.colcon_core.shell:Creating prefix chain script '/home/di/my_dif_bot/ros2_ws/install/setup.ps1'
[10.149s] INFO:colcon.colcon_core.shell:Creating prefix script '/home/di/my_dif_bot/ros2_ws/install/local_setup.sh'
[10.152s] INFO:colcon.colcon_core.shell:Creating prefix util module '/home/di/my_dif_bot/ros2_ws/install/_local_setup_util_sh.py'
[10.155s] INFO:colcon.colcon_core.shell:Creating prefix chain script '/home/di/my_dif_bot/ros2_ws/install/setup.sh'
[10.161s] INFO:colcon.colcon_core.shell:Creating prefix script '/home/di/my_dif_bot/ros2_ws/install/local_setup.bash'
[10.163s] INFO:colcon.colcon_core.shell:Creating prefix chain script '/home/di/my_dif_bot/ros2_ws/install/setup.bash'
[10.169s] INFO:colcon.colcon_core.shell:Creating prefix script '/home/di/my_dif_bot/ros2_ws/install/local_setup.zsh'
[10.171s] INFO:colcon.colcon_core.shell:Creating prefix chain script '/home/di/my_dif_bot/ros2_ws/install/setup.zsh'
