[8.222s] Invoking command in '/home/di/my_dif_bot/ros2_ws/src/robot_camera': DEBUGINFOD_URLS=https://debuginfod.ubuntu.com PYTHONPATH=/home/di/my_dif_bot/ros2_ws/build/robot_camera/prefix_override:/usr/lib/python3/dist-packages/colcon_core/task/python/colcon_distutils_commands:/home/di/my_dif_bot/ros2_ws/install/robot_camera/lib/python3.12/site-packages:${PYTHONPATH} /usr/bin/python3 -W ignore:setup.py install is deprecated -W ignore:easy_install command is deprecated setup.py egg_info --egg-base ../../build/robot_camera build --build-base /home/di/my_dif_bot/ros2_ws/build/robot_camera/build install --record /home/di/my_dif_bot/ros2_ws/build/robot_camera/install.log --single-version-externally-managed install_data
[10.875s] running egg_info
[11.097s] writing ../../build/robot_camera/robot_camera.egg-info/PKG-INFO
[11.107s] writing dependency_links to ../../build/robot_camera/robot_camera.egg-info/dependency_links.txt
[11.108s] writing entry points to ../../build/robot_camera/robot_camera.egg-info/entry_points.txt
[11.109s] writing requirements to ../../build/robot_camera/robot_camera.egg-info/requires.txt
[11.109s] writing top-level names to ../../build/robot_camera/robot_camera.egg-info/top_level.txt
[11.570s] reading manifest file '../../build/robot_camera/robot_camera.egg-info/SOURCES.txt'
[11.581s] writing manifest file '../../build/robot_camera/robot_camera.egg-info/SOURCES.txt'
[11.595s] running build
[11.596s] running build_py
[11.597s] running install
[11.628s] running install_lib
[11.843s] running install_data
[11.847s] running install_egg_info
[12.079s] removing '/home/di/my_dif_bot/ros2_ws/install/robot_camera/lib/python3.12/site-packages/robot_camera-0.0.0-py3.12.egg-info' (and everything under it)
[12.081s] Copying ../../build/robot_camera/robot_camera.egg-info to /home/di/my_dif_bot/ros2_ws/install/robot_camera/lib/python3.12/site-packages/robot_camera-0.0.0-py3.12.egg-info
[12.095s] running install_scripts
[13.739s] Installing camera_node script to /home/di/my_dif_bot/ros2_ws/install/robot_camera/lib/robot_camera
[13.746s] writing list of installed files to '/home/di/my_dif_bot/ros2_ws/build/robot_camera/install.log'
[14.049s] Invoked command in '/home/di/my_dif_bot/ros2_ws/src/robot_camera' returned '0': DEBUGINFOD_URLS=https://debuginfod.ubuntu.com PYTHONPATH=/home/di/my_dif_bot/ros2_ws/build/robot_camera/prefix_override:/usr/lib/python3/dist-packages/colcon_core/task/python/colcon_distutils_commands:/home/di/my_dif_bot/ros2_ws/install/robot_camera/lib/python3.12/site-packages:${PYTHONPATH} /usr/bin/python3 -W ignore:setup.py install is deprecated -W ignore:easy_install command is deprecated setup.py egg_info --egg-base ../../build/robot_camera build --build-base /home/di/my_dif_bot/ros2_ws/build/robot_camera/build install --record /home/di/my_dif_bot/ros2_ws/build/robot_camera/install.log --single-version-externally-managed install_data
