[9.894s] Invoking command in '/home/di/my_dif_bot/ros2_ws/src/my_dif_bot_description': DEBUGINFOD_URLS=https://debuginfod.ubuntu.com PYTHONPATH=/home/di/my_dif_bot/ros2_ws/build/my_dif_bot_description/prefix_override:/usr/lib/python3/dist-packages/colcon_core/task/python/colcon_distutils_commands:/home/di/my_dif_bot/ros2_ws/install/my_dif_bot_description/lib/python3.12/site-packages:${PYTHONPATH} /usr/bin/python3 -W ignore:setup.py install is deprecated -W ignore:easy_install command is deprecated setup.py egg_info --egg-base ../../build/my_dif_bot_description build --build-base /home/di/my_dif_bot/ros2_ws/build/my_dif_bot_description/build install --record /home/di/my_dif_bot/ros2_ws/build/my_dif_bot_description/install.log --single-version-externally-managed install_data
[11.722s] running egg_info
[11.726s] creating ../../build/my_dif_bot_description/my_dif_bot_description.egg-info
[11.885s] writing ../../build/my_dif_bot_description/my_dif_bot_description.egg-info/PKG-INFO
[11.885s] writing dependency_links to ../../build/my_dif_bot_description/my_dif_bot_description.egg-info/dependency_links.txt
[11.889s] writing requirements to ../../build/my_dif_bot_description/my_dif_bot_description.egg-info/requires.txt
[11.890s] writing top-level names to ../../build/my_dif_bot_description/my_dif_bot_description.egg-info/top_level.txt
[11.891s] writing manifest file '../../build/my_dif_bot_description/my_dif_bot_description.egg-info/SOURCES.txt'
[12.188s] reading manifest file '../../build/my_dif_bot_description/my_dif_bot_description.egg-info/SOURCES.txt'
[12.189s] writing manifest file '../../build/my_dif_bot_description/my_dif_bot_description.egg-info/SOURCES.txt'
[12.189s] running build
[12.190s] running build_py
[12.190s] creating /home/di/my_dif_bot/ros2_ws/build/my_dif_bot_description/build
[12.191s] creating /home/di/my_dif_bot/ros2_ws/build/my_dif_bot_description/build/lib
[12.191s] creating /home/di/my_dif_bot/ros2_ws/build/my_dif_bot_description/build/lib/my_dif_bot_description
[12.192s] copying my_dif_bot_description/__init__.py -> /home/di/my_dif_bot/ros2_ws/build/my_dif_bot_description/build/lib/my_dif_bot_description
[12.192s] running install
[12.215s] running install_lib
[12.375s] creating /home/di/my_dif_bot/ros2_ws/install/my_dif_bot_description/lib/python3.12/site-packages/my_dif_bot_description
[12.378s] copying /home/di/my_dif_bot/ros2_ws/build/my_dif_bot_description/build/lib/my_dif_bot_description/__init__.py -> /home/di/my_dif_bot/ros2_ws/install/my_dif_bot_description/lib/python3.12/site-packages/my_dif_bot_description
[12.379s] byte-compiling /home/di/my_dif_bot/ros2_ws/install/my_dif_bot_description/lib/python3.12/site-packages/my_dif_bot_description/__init__.py to __init__.cpython-312.pyc
[12.384s] running install_data
[12.386s] creating /home/di/my_dif_bot/ros2_ws/install/my_dif_bot_description/share/ament_index
[12.389s] creating /home/di/my_dif_bot/ros2_ws/install/my_dif_bot_description/share/ament_index/resource_index
[12.390s] creating /home/di/my_dif_bot/ros2_ws/install/my_dif_bot_description/share/ament_index/resource_index/packages
[12.392s] copying resource/my_dif_bot_description -> /home/di/my_dif_bot/ros2_ws/install/my_dif_bot_description/share/ament_index/resource_index/packages
[12.392s] copying package.xml -> /home/di/my_dif_bot/ros2_ws/install/my_dif_bot_description/share/my_dif_bot_description
[12.393s] running install_egg_info
[12.552s] Copying ../../build/my_dif_bot_description/my_dif_bot_description.egg-info to /home/di/my_dif_bot/ros2_ws/install/my_dif_bot_description/lib/python3.12/site-packages/my_dif_bot_description-0.0.0-py3.12.egg-info
[12.561s] running install_scripts
[13.590s] writing list of installed files to '/home/di/my_dif_bot/ros2_ws/build/my_dif_bot_description/install.log'
[13.944s] Invoked command in '/home/di/my_dif_bot/ros2_ws/src/my_dif_bot_description' returned '0': DEBUGINFOD_URLS=https://debuginfod.ubuntu.com PYTHONPATH=/home/di/my_dif_bot/ros2_ws/build/my_dif_bot_description/prefix_override:/usr/lib/python3/dist-packages/colcon_core/task/python/colcon_distutils_commands:/home/di/my_dif_bot/ros2_ws/install/my_dif_bot_description/lib/python3.12/site-packages:${PYTHONPATH} /usr/bin/python3 -W ignore:setup.py install is deprecated -W ignore:easy_install command is deprecated setup.py egg_info --egg-base ../../build/my_dif_bot_description build --build-base /home/di/my_dif_bot/ros2_ws/build/my_dif_bot_description/build install --record /home/di/my_dif_bot/ros2_ws/build/my_dif_bot_description/install.log --single-version-externally-managed install_data
