[0.956s] DEBUG:colcon:Command line arguments: ['/usr/bin/colcon', 'build', '--packages-select', 'robot_camera']
[0.957s] DEBUG:colcon:Parsed command line arguments: Namespace(log_base=None, log_level=None, verb_name='build', build_base='build', install_base='install', merge_install=False, symlink_install=False, test_result_base=None, continue_on_error=False, executor='parallel', parallel_workers=4, event_handlers=None, ignore_user_meta=False, metas=['./colcon.meta'], base_paths=['.'], packages_ignore=None, packages_ignore_regex=None, paths=None, packages_up_to=None, packages_up_to_regex=None, packages_above=None, packages_above_and_dependencies=None, packages_above_depth=None, packages_select_by_dep=None, packages_skip_by_dep=None, packages_skip_up_to=None, packages_select_build_failed=False, packages_skip_build_finished=False, packages_select_test_failures=False, packages_skip_test_passed=False, packages_select=['robot_camera'], packages_skip=None, packages_select_regex=None, packages_skip_regex=None, packages_start=None, packages_end=None, allow_overriding=[], cmake_args=None, cmake_target=None, cmake_target_skip_unavailable=False, cmake_clean_cache=False, cmake_clean_first=False, cmake_force_configure=False, ament_cmake_args=None, catkin_cmake_args=None, catkin_skip_building_tests=False, mixin_files=None, mixin=None, verb_parser=<colcon_mixin.mixin.mixin_argument.MixinArgumentDecorator object at 0xffffa13d60f0>, verb_extension=<colcon_core.verb.build.BuildVerb object at 0xffffa13d6060>, main=<bound method BuildVerb.main of <colcon_core.verb.build.BuildVerb object at 0xffffa13d6060>>, mixin_verb=('build',))
[1.280s] Level 1:colcon.colcon_core.package_discovery:discover_packages(colcon_meta) check parameters
[1.281s] Level 1:colcon.colcon_core.package_discovery:discover_packages(recursive) check parameters
[1.281s] Level 1:colcon.colcon_core.package_discovery:discover_packages(ignore) check parameters
[1.281s] Level 1:colcon.colcon_core.package_discovery:discover_packages(path) check parameters
[1.281s] Level 1:colcon.colcon_core.package_discovery:discover_packages(colcon_meta) discover
[1.282s] Level 1:colcon.colcon_core.package_discovery:discover_packages(recursive) discover
[1.283s] INFO:colcon.colcon_core.package_discovery:Crawling recursively for packages in '/home/di/my_dif_bot/ros2_ws'
[1.284s] Level 1:colcon.colcon_core.package_identification:_identify(.) by extensions ['ignore', 'ignore_ament_install']
[1.284s] Level 1:colcon.colcon_core.package_identification:_identify(.) by extension 'ignore'
[1.285s] Level 1:colcon.colcon_core.package_identification:_identify(.) by extension 'ignore_ament_install'
[1.286s] Level 1:colcon.colcon_core.package_identification:_identify(.) by extensions ['colcon_pkg']
[1.286s] Level 1:colcon.colcon_core.package_identification:_identify(.) by extension 'colcon_pkg'
[1.287s] Level 1:colcon.colcon_core.package_identification:_identify(.) by extensions ['colcon_meta']
[1.287s] Level 1:colcon.colcon_core.package_identification:_identify(.) by extension 'colcon_meta'
[1.287s] Level 1:colcon.colcon_core.package_identification:_identify(.) by extensions ['ros']
[1.288s] Level 1:colcon.colcon_core.package_identification:_identify(.) by extension 'ros'
[1.492s] Level 1:colcon.colcon_core.package_identification:_identify(.) by extensions ['cmake', 'python']
[1.492s] Level 1:colcon.colcon_core.package_identification:_identify(.) by extension 'cmake'
[1.493s] Level 1:colcon.colcon_core.package_identification:_identify(.) by extension 'python'
[1.493s] Level 1:colcon.colcon_core.package_identification:_identify(.) by extensions ['python_setup_py']
[1.493s] Level 1:colcon.colcon_core.package_identification:_identify(.) by extension 'python_setup_py'
[1.494s] Level 1:colcon.colcon_core.package_identification:_identify(build) by extensions ['ignore', 'ignore_ament_install']
[1.494s] Level 1:colcon.colcon_core.package_identification:_identify(build) by extension 'ignore'
[1.495s] Level 1:colcon.colcon_core.package_identification:_identify(build) ignored
[1.496s] Level 1:colcon.colcon_core.package_identification:_identify(install) by extensions ['ignore', 'ignore_ament_install']
[1.496s] Level 1:colcon.colcon_core.package_identification:_identify(install) by extension 'ignore'
[1.497s] Level 1:colcon.colcon_core.package_identification:_identify(install) ignored
[1.498s] Level 1:colcon.colcon_core.package_identification:_identify(log) by extensions ['ignore', 'ignore_ament_install']
[1.498s] Level 1:colcon.colcon_core.package_identification:_identify(log) by extension 'ignore'
[1.499s] Level 1:colcon.colcon_core.package_identification:_identify(log) ignored
[1.499s] Level 1:colcon.colcon_core.package_identification:_identify(src) by extensions ['ignore', 'ignore_ament_install']
[1.500s] Level 1:colcon.colcon_core.package_identification:_identify(src) by extension 'ignore'
[1.501s] Level 1:colcon.colcon_core.package_identification:_identify(src) by extension 'ignore_ament_install'
[1.501s] Level 1:colcon.colcon_core.package_identification:_identify(src) by extensions ['colcon_pkg']
[1.501s] Level 1:colcon.colcon_core.package_identification:_identify(src) by extension 'colcon_pkg'
[1.502s] Level 1:colcon.colcon_core.package_identification:_identify(src) by extensions ['colcon_meta']
[1.502s] Level 1:colcon.colcon_core.package_identification:_identify(src) by extension 'colcon_meta'
[1.502s] Level 1:colcon.colcon_core.package_identification:_identify(src) by extensions ['ros']
[1.502s] Level 1:colcon.colcon_core.package_identification:_identify(src) by extension 'ros'
[1.503s] Level 1:colcon.colcon_core.package_identification:_identify(src) by extensions ['cmake', 'python']
[1.504s] Level 1:colcon.colcon_core.package_identification:_identify(src) by extension 'cmake'
[1.504s] Level 1:colcon.colcon_core.package_identification:_identify(src) by extension 'python'
[1.504s] Level 1:colcon.colcon_core.package_identification:_identify(src) by extensions ['python_setup_py']
[1.505s] Level 1:colcon.colcon_core.package_identification:_identify(src) by extension 'python_setup_py'
[1.505s] Level 1:colcon.colcon_core.package_identification:_identify(src/my_dif_bot_bringup) by extensions ['ignore', 'ignore_ament_install']
[1.506s] Level 1:colcon.colcon_core.package_identification:_identify(src/my_dif_bot_bringup) by extension 'ignore'
[1.507s] Level 1:colcon.colcon_core.package_identification:_identify(src/my_dif_bot_bringup) by extension 'ignore_ament_install'
[1.507s] Level 1:colcon.colcon_core.package_identification:_identify(src/my_dif_bot_bringup) by extensions ['colcon_pkg']
[1.507s] Level 1:colcon.colcon_core.package_identification:_identify(src/my_dif_bot_bringup) by extension 'colcon_pkg'
[1.508s] Level 1:colcon.colcon_core.package_identification:_identify(src/my_dif_bot_bringup) by extensions ['colcon_meta']
[1.509s] Level 1:colcon.colcon_core.package_identification:_identify(src/my_dif_bot_bringup) by extension 'colcon_meta'
[1.509s] Level 1:colcon.colcon_core.package_identification:_identify(src/my_dif_bot_bringup) by extensions ['ros']
[1.510s] Level 1:colcon.colcon_core.package_identification:_identify(src/my_dif_bot_bringup) by extension 'ros'
[1.527s] DEBUG:colcon.colcon_core.package_identification:Package 'src/my_dif_bot_bringup' with type 'ros.ament_python' and name 'my_dif_bot_bringup'
[1.528s] Level 1:colcon.colcon_core.package_identification:_identify(src/my_dif_bot_control) by extensions ['ignore', 'ignore_ament_install']
[1.529s] Level 1:colcon.colcon_core.package_identification:_identify(src/my_dif_bot_control) by extension 'ignore'
[1.529s] Level 1:colcon.colcon_core.package_identification:_identify(src/my_dif_bot_control) by extension 'ignore_ament_install'
[1.530s] Level 1:colcon.colcon_core.package_identification:_identify(src/my_dif_bot_control) by extensions ['colcon_pkg']
[1.530s] Level 1:colcon.colcon_core.package_identification:_identify(src/my_dif_bot_control) by extension 'colcon_pkg'
[1.530s] Level 1:colcon.colcon_core.package_identification:_identify(src/my_dif_bot_control) by extensions ['colcon_meta']
[1.531s] Level 1:colcon.colcon_core.package_identification:_identify(src/my_dif_bot_control) by extension 'colcon_meta'
[1.531s] Level 1:colcon.colcon_core.package_identification:_identify(src/my_dif_bot_control) by extensions ['ros']
[1.531s] Level 1:colcon.colcon_core.package_identification:_identify(src/my_dif_bot_control) by extension 'ros'
[1.536s] DEBUG:colcon.colcon_core.package_identification:Package 'src/my_dif_bot_control' with type 'ros.ament_python' and name 'my_dif_bot_control'
[1.537s] Level 1:colcon.colcon_core.package_identification:_identify(src/my_dif_bot_description) by extensions ['ignore', 'ignore_ament_install']
[1.539s] Level 1:colcon.colcon_core.package_identification:_identify(src/my_dif_bot_description) by extension 'ignore'
[1.540s] Level 1:colcon.colcon_core.package_identification:_identify(src/my_dif_bot_description) by extension 'ignore_ament_install'
[1.542s] Level 1:colcon.colcon_core.package_identification:_identify(src/my_dif_bot_description) by extensions ['colcon_pkg']
[1.543s] Level 1:colcon.colcon_core.package_identification:_identify(src/my_dif_bot_description) by extension 'colcon_pkg'
[1.544s] Level 1:colcon.colcon_core.package_identification:_identify(src/my_dif_bot_description) by extensions ['colcon_meta']
[1.544s] Level 1:colcon.colcon_core.package_identification:_identify(src/my_dif_bot_description) by extension 'colcon_meta'
[1.546s] Level 1:colcon.colcon_core.package_identification:_identify(src/my_dif_bot_description) by extensions ['ros']
[1.546s] Level 1:colcon.colcon_core.package_identification:_identify(src/my_dif_bot_description) by extension 'ros'
[1.552s] DEBUG:colcon.colcon_core.package_identification:Package 'src/my_dif_bot_description' with type 'ros.ament_python' and name 'my_dif_bot_description'
[1.553s] Level 1:colcon.colcon_core.package_identification:_identify(src/robot_camera) by extensions ['ignore', 'ignore_ament_install']
[1.553s] Level 1:colcon.colcon_core.package_identification:_identify(src/robot_camera) by extension 'ignore'
[1.554s] Level 1:colcon.colcon_core.package_identification:_identify(src/robot_camera) by extension 'ignore_ament_install'
[1.555s] Level 1:colcon.colcon_core.package_identification:_identify(src/robot_camera) by extensions ['colcon_pkg']
[1.555s] Level 1:colcon.colcon_core.package_identification:_identify(src/robot_camera) by extension 'colcon_pkg'
[1.556s] Level 1:colcon.colcon_core.package_identification:_identify(src/robot_camera) by extensions ['colcon_meta']
[1.556s] Level 1:colcon.colcon_core.package_identification:_identify(src/robot_camera) by extension 'colcon_meta'
[1.556s] Level 1:colcon.colcon_core.package_identification:_identify(src/robot_camera) by extensions ['ros']
[1.557s] Level 1:colcon.colcon_core.package_identification:_identify(src/robot_camera) by extension 'ros'
[1.560s] DEBUG:colcon.colcon_core.package_identification:Package 'src/robot_camera' with type 'ros.ament_python' and name 'robot_camera'
[1.562s] Level 1:colcon.colcon_core.package_identification:_identify(src/ros-foxglove-bridge) by extensions ['ignore', 'ignore_ament_install']
[1.562s] Level 1:colcon.colcon_core.package_identification:_identify(src/ros-foxglove-bridge) by extension 'ignore'
[1.563s] Level 1:colcon.colcon_core.package_identification:_identify(src/ros-foxglove-bridge) by extension 'ignore_ament_install'
[1.563s] Level 1:colcon.colcon_core.package_identification:_identify(src/ros-foxglove-bridge) by extensions ['colcon_pkg']
[1.564s] Level 1:colcon.colcon_core.package_identification:_identify(src/ros-foxglove-bridge) by extension 'colcon_pkg'
[1.564s] Level 1:colcon.colcon_core.package_identification:_identify(src/ros-foxglove-bridge) by extensions ['colcon_meta']
[1.564s] Level 1:colcon.colcon_core.package_identification:_identify(src/ros-foxglove-bridge) by extension 'colcon_meta'
[1.564s] Level 1:colcon.colcon_core.package_identification:_identify(src/ros-foxglove-bridge) by extensions ['ros']
[1.564s] Level 1:colcon.colcon_core.package_identification:_identify(src/ros-foxglove-bridge) by extension 'ros'
[1.635s] DEBUG:colcon.colcon_core.package_identification:Package 'src/ros-foxglove-bridge' with type 'ros.ament_cmake' and name 'foxglove_bridge'
[1.636s] Level 1:colcon.colcon_core.package_discovery:discover_packages(recursive) using defaults
[1.636s] Level 1:colcon.colcon_core.package_discovery:discover_packages(ignore) discover
[1.637s] Level 1:colcon.colcon_core.package_discovery:discover_packages(ignore) using defaults
[1.637s] Level 1:colcon.colcon_core.package_discovery:discover_packages(path) discover
[1.637s] Level 1:colcon.colcon_core.package_discovery:discover_packages(path) using defaults
[1.783s] INFO:colcon.colcon_core.package_selection:Skipping not selected package 'foxglove_bridge' in 'src/ros-foxglove-bridge'
[1.784s] INFO:colcon.colcon_core.package_selection:Skipping not selected package 'my_dif_bot_bringup' in 'src/my_dif_bot_bringup'
[1.784s] INFO:colcon.colcon_core.package_selection:Skipping not selected package 'my_dif_bot_control' in 'src/my_dif_bot_control'
[1.784s] INFO:colcon.colcon_core.package_selection:Skipping not selected package 'my_dif_bot_description' in 'src/my_dif_bot_description'
[1.787s] Level 1:colcon.colcon_core.package_discovery:discover_packages(prefix_path) check parameters
[1.788s] Level 1:colcon.colcon_core.package_discovery:discover_packages(prefix_path) discover
[1.807s] DEBUG:colcon.colcon_installed_package_information.package_discovery:Found 4 installed packages in /home/di/my_dif_bot/ros2_ws/install
[1.824s] DEBUG:colcon.colcon_installed_package_information.package_discovery:Found 376 installed packages in /opt/ros/jazzy
[1.837s] Level 1:colcon.colcon_core.package_discovery:discover_packages(prefix_path) using defaults
[2.398s] Level 5:colcon.colcon_core.verb:set package 'robot_camera' build argument 'cmake_args' from command line to 'None'
[2.398s] Level 5:colcon.colcon_core.verb:set package 'robot_camera' build argument 'cmake_target' from command line to 'None'
[2.398s] Level 5:colcon.colcon_core.verb:set package 'robot_camera' build argument 'cmake_target_skip_unavailable' from command line to 'False'
[2.399s] Level 5:colcon.colcon_core.verb:set package 'robot_camera' build argument 'cmake_clean_cache' from command line to 'False'
[2.399s] Level 5:colcon.colcon_core.verb:set package 'robot_camera' build argument 'cmake_clean_first' from command line to 'False'
[2.399s] Level 5:colcon.colcon_core.verb:set package 'robot_camera' build argument 'cmake_force_configure' from command line to 'False'
[2.399s] Level 5:colcon.colcon_core.verb:set package 'robot_camera' build argument 'ament_cmake_args' from command line to 'None'
[2.399s] Level 5:colcon.colcon_core.verb:set package 'robot_camera' build argument 'catkin_cmake_args' from command line to 'None'
[2.399s] Level 5:colcon.colcon_core.verb:set package 'robot_camera' build argument 'catkin_skip_building_tests' from command line to 'False'
[2.400s] DEBUG:colcon.colcon_core.verb:Building package 'robot_camera' with the following arguments: {'ament_cmake_args': None, 'build_base': '/home/di/my_dif_bot/ros2_ws/build/robot_camera', 'catkin_cmake_args': None, 'catkin_skip_building_tests': False, 'cmake_args': None, 'cmake_clean_cache': False, 'cmake_clean_first': False, 'cmake_force_configure': False, 'cmake_target': None, 'cmake_target_skip_unavailable': False, 'install_base': '/home/di/my_dif_bot/ros2_ws/install/robot_camera', 'merge_install': False, 'path': '/home/di/my_dif_bot/ros2_ws/src/robot_camera', 'symlink_install': False, 'test_result_base': None}
[2.401s] INFO:colcon.colcon_core.executor:Executing jobs using 'parallel' executor
[2.407s] DEBUG:colcon.colcon_parallel_executor.executor.parallel:run_until_complete
[2.409s] INFO:colcon.colcon_ros.task.ament_python.build:Building ROS package in '/home/di/my_dif_bot/ros2_ws/src/robot_camera' with build type 'ament_python'
[2.410s] Level 1:colcon.colcon_core.shell:create_environment_hook('robot_camera', 'ament_prefix_path')
[2.428s] INFO:colcon.colcon_core.plugin_system:Skipping extension 'colcon_core.shell.bat': Not used on non-Windows systems
[2.430s] INFO:colcon.colcon_core.shell:Creating environment hook '/home/di/my_dif_bot/ros2_ws/install/robot_camera/share/robot_camera/hook/ament_prefix_path.ps1'
[2.435s] INFO:colcon.colcon_core.shell:Creating environment descriptor '/home/di/my_dif_bot/ros2_ws/install/robot_camera/share/robot_camera/hook/ament_prefix_path.dsv'
[2.439s] INFO:colcon.colcon_core.shell:Creating environment hook '/home/di/my_dif_bot/ros2_ws/install/robot_camera/share/robot_camera/hook/ament_prefix_path.sh'
[2.446s] INFO:colcon.colcon_core.shell:Skip shell extension 'powershell' for command environment: Not usable outside of PowerShell
[2.447s] DEBUG:colcon.colcon_core.shell:Skip shell extension 'dsv' for command environment
[4.576s] INFO:colcon.colcon_core.task.python.build:Building Python package in '/home/di/my_dif_bot/ros2_ws/src/robot_camera'
[4.578s] INFO:colcon.colcon_core.shell:Skip shell extension 'powershell' for command environment: Not usable outside of PowerShell
[4.587s] DEBUG:colcon.colcon_core.shell:Skip shell extension 'dsv' for command environment
[10.529s] DEBUG:colcon.colcon_core.event_handler.log_command:Invoking command in '/home/di/my_dif_bot/ros2_ws/src/robot_camera': DEBUGINFOD_URLS=https://debuginfod.ubuntu.com PYTHONPATH=/home/di/my_dif_bot/ros2_ws/build/robot_camera/prefix_override:/usr/lib/python3/dist-packages/colcon_core/task/python/colcon_distutils_commands:/home/di/my_dif_bot/ros2_ws/install/robot_camera/lib/python3.12/site-packages:${PYTHONPATH} /usr/bin/python3 -W ignore:setup.py install is deprecated -W ignore:easy_install command is deprecated setup.py egg_info --egg-base ../../build/robot_camera build --build-base /home/di/my_dif_bot/ros2_ws/build/robot_camera/build install --record /home/di/my_dif_bot/ros2_ws/build/robot_camera/install.log --single-version-externally-managed install_data
[16.164s] DEBUG:colcon.colcon_core.event_handler.log_command:Invoked command in '/home/di/my_dif_bot/ros2_ws/src/robot_camera' returned '0': DEBUGINFOD_URLS=https://debuginfod.ubuntu.com PYTHONPATH=/home/di/my_dif_bot/ros2_ws/build/robot_camera/prefix_override:/usr/lib/python3/dist-packages/colcon_core/task/python/colcon_distutils_commands:/home/di/my_dif_bot/ros2_ws/install/robot_camera/lib/python3.12/site-packages:${PYTHONPATH} /usr/bin/python3 -W ignore:setup.py install is deprecated -W ignore:easy_install command is deprecated setup.py egg_info --egg-base ../../build/robot_camera build --build-base /home/di/my_dif_bot/ros2_ws/build/robot_camera/build install --record /home/di/my_dif_bot/ros2_ws/build/robot_camera/install.log --single-version-externally-managed install_data
[16.185s] Level 1:colcon.colcon_core.environment:checking '/home/di/my_dif_bot/ros2_ws/install/robot_camera' for CMake module files
[16.191s] Level 1:colcon.colcon_core.environment:checking '/home/di/my_dif_bot/ros2_ws/install/robot_camera' for CMake config files
[16.197s] Level 1:colcon.colcon_core.environment:checking '/home/di/my_dif_bot/ros2_ws/install/robot_camera/lib'
[16.199s] Level 1:colcon.colcon_core.environment:checking '/home/di/my_dif_bot/ros2_ws/install/robot_camera/bin'
[16.200s] Level 1:colcon.colcon_core.environment:checking '/home/di/my_dif_bot/ros2_ws/install/robot_camera/lib/pkgconfig/robot_camera.pc'
[16.201s] Level 1:colcon.colcon_core.environment:checking '/home/di/my_dif_bot/ros2_ws/install/robot_camera/lib/python3.12/site-packages'
[16.202s] Level 1:colcon.colcon_core.shell:create_environment_hook('robot_camera', 'pythonpath')
[16.204s] INFO:colcon.colcon_core.shell:Creating environment hook '/home/di/my_dif_bot/ros2_ws/install/robot_camera/share/robot_camera/hook/pythonpath.ps1'
[16.211s] INFO:colcon.colcon_core.shell:Creating environment descriptor '/home/di/my_dif_bot/ros2_ws/install/robot_camera/share/robot_camera/hook/pythonpath.dsv'
[16.214s] INFO:colcon.colcon_core.shell:Creating environment hook '/home/di/my_dif_bot/ros2_ws/install/robot_camera/share/robot_camera/hook/pythonpath.sh'
[16.218s] Level 1:colcon.colcon_core.environment:checking '/home/di/my_dif_bot/ros2_ws/install/robot_camera/bin'
[16.219s] Level 1:colcon.colcon_core.environment:create_environment_scripts_only(robot_camera)
[16.220s] INFO:colcon.colcon_core.shell:Creating package script '/home/di/my_dif_bot/ros2_ws/install/robot_camera/share/robot_camera/package.ps1'
[16.225s] INFO:colcon.colcon_core.shell:Creating package descriptor '/home/di/my_dif_bot/ros2_ws/install/robot_camera/share/robot_camera/package.dsv'
[16.231s] INFO:colcon.colcon_core.shell:Creating package script '/home/di/my_dif_bot/ros2_ws/install/robot_camera/share/robot_camera/package.sh'
[16.240s] INFO:colcon.colcon_core.shell:Creating package script '/home/di/my_dif_bot/ros2_ws/install/robot_camera/share/robot_camera/package.bash'
[16.244s] INFO:colcon.colcon_core.shell:Creating package script '/home/di/my_dif_bot/ros2_ws/install/robot_camera/share/robot_camera/package.zsh'
[16.251s] Level 1:colcon.colcon_core.environment:create_file_with_runtime_dependencies(/home/di/my_dif_bot/ros2_ws/install/robot_camera/share/colcon-core/packages/robot_camera)
[16.253s] DEBUG:colcon.colcon_parallel_executor.executor.parallel:closing loop
[16.256s] DEBUG:colcon.colcon_parallel_executor.executor.parallel:loop closed
[16.257s] DEBUG:colcon.colcon_parallel_executor.executor.parallel:run_until_complete finished with '0'
[16.257s] DEBUG:colcon.colcon_core.event_reactor:joining thread
[16.308s] INFO:colcon.colcon_core.plugin_system:Skipping extension 'colcon_notification.desktop_notification.terminal_notifier': Not used on non-Darwin systems
[16.308s] INFO:colcon.colcon_core.plugin_system:Skipping extension 'colcon_notification.desktop_notification.win32': Not used on non-Windows systems
[16.309s] INFO:colcon.colcon_notification.desktop_notification:Sending desktop notification using 'notify2'
[16.419s] DEBUG:colcon.colcon_core.event_reactor:joined thread
[16.422s] INFO:colcon.colcon_core.shell:Creating prefix script '/home/di/my_dif_bot/ros2_ws/install/local_setup.ps1'
[16.431s] INFO:colcon.colcon_core.shell:Creating prefix util module '/home/di/my_dif_bot/ros2_ws/install/_local_setup_util_ps1.py'
[16.439s] INFO:colcon.colcon_core.shell:Creating prefix chain script '/home/di/my_dif_bot/ros2_ws/install/setup.ps1'
[16.449s] INFO:colcon.colcon_core.shell:Creating prefix script '/home/di/my_dif_bot/ros2_ws/install/local_setup.sh'
[16.456s] INFO:colcon.colcon_core.shell:Creating prefix util module '/home/di/my_dif_bot/ros2_ws/install/_local_setup_util_sh.py'
[16.466s] INFO:colcon.colcon_core.shell:Creating prefix chain script '/home/di/my_dif_bot/ros2_ws/install/setup.sh'
[16.481s] INFO:colcon.colcon_core.shell:Creating prefix script '/home/di/my_dif_bot/ros2_ws/install/local_setup.bash'
[16.486s] INFO:colcon.colcon_core.shell:Creating prefix chain script '/home/di/my_dif_bot/ros2_ws/install/setup.bash'
[16.503s] INFO:colcon.colcon_core.shell:Creating prefix script '/home/di/my_dif_bot/ros2_ws/install/local_setup.zsh'
[16.511s] INFO:colcon.colcon_core.shell:Creating prefix chain script '/home/di/my_dif_bot/ros2_ws/install/setup.zsh'
