[9.223s] Invoking command in '/home/di/my_dif_bot/ros2_ws/src/robot_camera': DEBUGINFOD_URLS=https://debuginfod.ubuntu.com PYTHONPATH=/home/di/my_dif_bot/ros2_ws/build/robot_camera/prefix_override:/usr/lib/python3/dist-packages/colcon_core/task/python/colcon_distutils_commands:/home/di/my_dif_bot/ros2_ws/install/robot_camera/lib/python3.12/site-packages:${PYTHONPATH} /usr/bin/python3 -W ignore:setup.py install is deprecated -W ignore:easy_install command is deprecated setup.py egg_info --egg-base ../../build/robot_camera build --build-base /home/di/my_dif_bot/ros2_ws/build/robot_camera/build install --record /home/di/my_dif_bot/ros2_ws/build/robot_camera/install.log --single-version-externally-managed install_data
[12.014s] running egg_info
[12.246s] writing ../../build/robot_camera/robot_camera.egg-info/PKG-INFO
[12.252s] writing dependency_links to ../../build/robot_camera/robot_camera.egg-info/dependency_links.txt
[12.261s] writing entry points to ../../build/robot_camera/robot_camera.egg-info/entry_points.txt
[12.262s] writing requirements to ../../build/robot_camera/robot_camera.egg-info/requires.txt
[12.262s] writing top-level names to ../../build/robot_camera/robot_camera.egg-info/top_level.txt
[12.687s] reading manifest file '../../build/robot_camera/robot_camera.egg-info/SOURCES.txt'
[12.695s] writing manifest file '../../build/robot_camera/robot_camera.egg-info/SOURCES.txt'
[12.697s] running build
[12.698s] running build_py
[12.701s] copying robot_camera/camera_node.py -> /home/di/my_dif_bot/ros2_ws/build/robot_camera/build/lib/robot_camera
[12.705s] running install
[12.747s] running install_lib
[12.978s] copying /home/di/my_dif_bot/ros2_ws/build/robot_camera/build/lib/robot_camera/camera_node.py -> /home/di/my_dif_bot/ros2_ws/install/robot_camera/lib/python3.12/site-packages/robot_camera
[12.987s] byte-compiling /home/di/my_dif_bot/ros2_ws/install/robot_camera/lib/python3.12/site-packages/robot_camera/camera_node.py to camera_node.cpython-312.pyc
[12.997s] running install_data
[12.998s] running install_egg_info
[13.243s] removing '/home/di/my_dif_bot/ros2_ws/install/robot_camera/lib/python3.12/site-packages/robot_camera-0.0.0-py3.12.egg-info' (and everything under it)
[13.247s] Copying ../../build/robot_camera/robot_camera.egg-info to /home/di/my_dif_bot/ros2_ws/install/robot_camera/lib/python3.12/site-packages/robot_camera-0.0.0-py3.12.egg-info
[13.264s] running install_scripts
[14.891s] Installing camera_node script to /home/di/my_dif_bot/ros2_ws/install/robot_camera/lib/robot_camera
[14.899s] writing list of installed files to '/home/di/my_dif_bot/ros2_ws/build/robot_camera/install.log'
[15.221s] Invoked command in '/home/di/my_dif_bot/ros2_ws/src/robot_camera' returned '0': DEBUGINFOD_URLS=https://debuginfod.ubuntu.com PYTHONPATH=/home/di/my_dif_bot/ros2_ws/build/robot_camera/prefix_override:/usr/lib/python3/dist-packages/colcon_core/task/python/colcon_distutils_commands:/home/di/my_dif_bot/ros2_ws/install/robot_camera/lib/python3.12/site-packages:${PYTHONPATH} /usr/bin/python3 -W ignore:setup.py install is deprecated -W ignore:easy_install command is deprecated setup.py egg_info --egg-base ../../build/robot_camera build --build-base /home/di/my_dif_bot/ros2_ws/build/robot_camera/build install --record /home/di/my_dif_bot/ros2_ws/build/robot_camera/install.log --single-version-externally-managed install_data
