[7.979s] Invoking command in '/home/di/my_dif_bot/ros2_ws/src/robot_camera': DEBUGINFOD_URLS=https://debuginfod.ubuntu.com PYTHONPATH=/home/di/my_dif_bot/ros2_ws/build/robot_camera/prefix_override:/usr/lib/python3/dist-packages/colcon_core/task/python/colcon_distutils_commands:/home/di/my_dif_bot/ros2_ws/install/robot_camera/lib/python3.12/site-packages:${PYTHONPATH} /usr/bin/python3 -W ignore:setup.py install is deprecated -W ignore:easy_install command is deprecated setup.py egg_info --egg-base ../../build/robot_camera build --build-base /home/di/my_dif_bot/ros2_ws/build/robot_camera/build install --record /home/di/my_dif_bot/ros2_ws/build/robot_camera/install.log --single-version-externally-managed install_data
[10.558s] running egg_info
[10.753s] writing ../../build/robot_camera/robot_camera.egg-info/PKG-INFO
[10.755s] writing dependency_links to ../../build/robot_camera/robot_camera.egg-info/dependency_links.txt
[10.757s] writing entry points to ../../build/robot_camera/robot_camera.egg-info/entry_points.txt
[10.760s] writing requirements to ../../build/robot_camera/robot_camera.egg-info/requires.txt
[10.762s] writing top-level names to ../../build/robot_camera/robot_camera.egg-info/top_level.txt
[11.197s] reading manifest file '../../build/robot_camera/robot_camera.egg-info/SOURCES.txt'
[11.202s] writing manifest file '../../build/robot_camera/robot_camera.egg-info/SOURCES.txt'
[11.207s] running build
[11.208s] running build_py
[11.210s] copying robot_camera/camera_node.py -> /home/di/my_dif_bot/ros2_ws/build/robot_camera/build/lib/robot_camera
[11.213s] running install
[11.250s] running install_lib
[11.455s] copying /home/di/my_dif_bot/ros2_ws/build/robot_camera/build/lib/robot_camera/camera_node.py -> /home/di/my_dif_bot/ros2_ws/install/robot_camera/lib/python3.12/site-packages/robot_camera
[11.466s] byte-compiling /home/di/my_dif_bot/ros2_ws/install/robot_camera/lib/python3.12/site-packages/robot_camera/camera_node.py to camera_node.cpython-312.pyc
[11.476s] running install_data
[11.477s] running install_egg_info
[11.714s] removing '/home/di/my_dif_bot/ros2_ws/install/robot_camera/lib/python3.12/site-packages/robot_camera-0.0.0-py3.12.egg-info' (and everything under it)
[11.718s] Copying ../../build/robot_camera/robot_camera.egg-info to /home/di/my_dif_bot/ros2_ws/install/robot_camera/lib/python3.12/site-packages/robot_camera-0.0.0-py3.12.egg-info
[11.731s] running install_scripts
[13.249s] Installing camera_node script to /home/di/my_dif_bot/ros2_ws/install/robot_camera/lib/robot_camera
[13.257s] writing list of installed files to '/home/di/my_dif_bot/ros2_ws/build/robot_camera/install.log'
[13.567s] Invoked command in '/home/di/my_dif_bot/ros2_ws/src/robot_camera' returned '0': DEBUGINFOD_URLS=https://debuginfod.ubuntu.com PYTHONPATH=/home/di/my_dif_bot/ros2_ws/build/robot_camera/prefix_override:/usr/lib/python3/dist-packages/colcon_core/task/python/colcon_distutils_commands:/home/di/my_dif_bot/ros2_ws/install/robot_camera/lib/python3.12/site-packages:${PYTHONPATH} /usr/bin/python3 -W ignore:setup.py install is deprecated -W ignore:easy_install command is deprecated setup.py egg_info --egg-base ../../build/robot_camera build --build-base /home/di/my_dif_bot/ros2_ws/build/robot_camera/build install --record /home/di/my_dif_bot/ros2_ws/build/robot_camera/install.log --single-version-externally-managed install_data
