running egg_info
creating ../../build/my_dif_bot_description/my_dif_bot_description.egg-info
writing ../../build/my_dif_bot_description/my_dif_bot_description.egg-info/PKG-INFO
writing dependency_links to ../../build/my_dif_bot_description/my_dif_bot_description.egg-info/dependency_links.txt
writing requirements to ../../build/my_dif_bot_description/my_dif_bot_description.egg-info/requires.txt
writing top-level names to ../../build/my_dif_bot_description/my_dif_bot_description.egg-info/top_level.txt
writing manifest file '../../build/my_dif_bot_description/my_dif_bot_description.egg-info/SOURCES.txt'
reading manifest file '../../build/my_dif_bot_description/my_dif_bot_description.egg-info/SOURCES.txt'
writing manifest file '../../build/my_dif_bot_description/my_dif_bot_description.egg-info/SOURCES.txt'
running build
running build_py
creating /home/di/my_dif_bot/ros2_ws/build/my_dif_bot_description/build
creating /home/di/my_dif_bot/ros2_ws/build/my_dif_bot_description/build/lib
creating /home/di/my_dif_bot/ros2_ws/build/my_dif_bot_description/build/lib/my_dif_bot_description
copying my_dif_bot_description/__init__.py -> /home/di/my_dif_bot/ros2_ws/build/my_dif_bot_description/build/lib/my_dif_bot_description
running install
running install_lib
creating /home/di/my_dif_bot/ros2_ws/install/my_dif_bot_description/lib/python3.12/site-packages/my_dif_bot_description
copying /home/di/my_dif_bot/ros2_ws/build/my_dif_bot_description/build/lib/my_dif_bot_description/__init__.py -> /home/di/my_dif_bot/ros2_ws/install/my_dif_bot_description/lib/python3.12/site-packages/my_dif_bot_description
byte-compiling /home/di/my_dif_bot/ros2_ws/install/my_dif_bot_description/lib/python3.12/site-packages/my_dif_bot_description/__init__.py to __init__.cpython-312.pyc
running install_data
creating /home/di/my_dif_bot/ros2_ws/install/my_dif_bot_description/share/ament_index
creating /home/di/my_dif_bot/ros2_ws/install/my_dif_bot_description/share/ament_index/resource_index
creating /home/di/my_dif_bot/ros2_ws/install/my_dif_bot_description/share/ament_index/resource_index/packages
copying resource/my_dif_bot_description -> /home/di/my_dif_bot/ros2_ws/install/my_dif_bot_description/share/ament_index/resource_index/packages
copying package.xml -> /home/di/my_dif_bot/ros2_ws/install/my_dif_bot_description/share/my_dif_bot_description
creating /home/di/my_dif_bot/ros2_ws/install/my_dif_bot_description/share/my_dif_bot_description/launch
copying launch/display.launch.py -> /home/di/my_dif_bot/ros2_ws/install/my_dif_bot_description/share/my_dif_bot_description/launch
creating /home/di/my_dif_bot/ros2_ws/install/my_dif_bot_description/share/my_dif_bot_description/urdf
copying urdf/robot_core.xacro -> /home/di/my_dif_bot/ros2_ws/install/my_dif_bot_description/share/my_dif_bot_description/urdf
copying urdf/inertial_macros.xacro -> /home/di/my_dif_bot/ros2_ws/install/my_dif_bot_description/share/my_dif_bot_description/urdf
copying urdf/robot.urdf.xacro -> /home/di/my_dif_bot/ros2_ws/install/my_dif_bot_description/share/my_dif_bot_description/urdf
creating /home/di/my_dif_bot/ros2_ws/install/my_dif_bot_description/share/my_dif_bot_description/rviz
copying rviz/urdf.rviz -> /home/di/my_dif_bot/ros2_ws/install/my_dif_bot_description/share/my_dif_bot_description/rviz
running install_egg_info
Copying ../../build/my_dif_bot_description/my_dif_bot_description.egg-info to /home/di/my_dif_bot/ros2_ws/install/my_dif_bot_description/lib/python3.12/site-packages/my_dif_bot_description-0.0.0-py3.12.egg-info
running install_scripts
writing list of installed files to '/home/di/my_dif_bot/ros2_ws/build/my_dif_bot_description/install.log'
