[0.939s] DEBUG:colcon:Command line arguments: ['/usr/bin/colcon', 'build', '--packages-select', 'robot_camera']
[0.940s] DEBUG:colcon:Parsed command line arguments: Namespace(log_base=None, log_level=None, verb_name='build', build_base='build', install_base='install', merge_install=False, symlink_install=False, test_result_base=None, continue_on_error=False, executor='parallel', parallel_workers=4, event_handlers=None, ignore_user_meta=False, metas=['./colcon.meta'], base_paths=['.'], packages_ignore=None, packages_ignore_regex=None, paths=None, packages_up_to=None, packages_up_to_regex=None, packages_above=None, packages_above_and_dependencies=None, packages_above_depth=None, packages_select_by_dep=None, packages_skip_by_dep=None, packages_skip_up_to=None, packages_select_build_failed=False, packages_skip_build_finished=False, packages_select_test_failures=False, packages_skip_test_passed=False, packages_select=['robot_camera'], packages_skip=None, packages_select_regex=None, packages_skip_regex=None, packages_start=None, packages_end=None, allow_overriding=[], cmake_args=None, cmake_target=None, cmake_target_skip_unavailable=False, cmake_clean_cache=False, cmake_clean_first=False, cmake_force_configure=False, ament_cmake_args=None, catkin_cmake_args=None, catkin_skip_building_tests=False, mixin_files=None, mixin=None, verb_parser=<colcon_mixin.mixin.mixin_argument.MixinArgumentDecorator object at 0xffffa46fe1b0>, verb_extension=<colcon_core.verb.build.BuildVerb object at 0xffffa46fe180>, main=<bound method BuildVerb.main of <colcon_core.verb.build.BuildVerb object at 0xffffa46fe180>>, mixin_verb=('build',))
[1.255s] Level 1:colcon.colcon_core.package_discovery:discover_packages(colcon_meta) check parameters
[1.257s] Level 1:colcon.colcon_core.package_discovery:discover_packages(recursive) check parameters
[1.257s] Level 1:colcon.colcon_core.package_discovery:discover_packages(ignore) check parameters
[1.258s] Level 1:colcon.colcon_core.package_discovery:discover_packages(path) check parameters
[1.258s] Level 1:colcon.colcon_core.package_discovery:discover_packages(colcon_meta) discover
[1.259s] Level 1:colcon.colcon_core.package_discovery:discover_packages(recursive) discover
[1.260s] INFO:colcon.colcon_core.package_discovery:Crawling recursively for packages in '/home/di/my_dif_bot/ros2_ws'
[1.261s] Level 1:colcon.colcon_core.package_identification:_identify(.) by extensions ['ignore', 'ignore_ament_install']
[1.261s] Level 1:colcon.colcon_core.package_identification:_identify(.) by extension 'ignore'
[1.262s] Level 1:colcon.colcon_core.package_identification:_identify(.) by extension 'ignore_ament_install'
[1.262s] Level 1:colcon.colcon_core.package_identification:_identify(.) by extensions ['colcon_pkg']
[1.262s] Level 1:colcon.colcon_core.package_identification:_identify(.) by extension 'colcon_pkg'
[1.263s] Level 1:colcon.colcon_core.package_identification:_identify(.) by extensions ['colcon_meta']
[1.263s] Level 1:colcon.colcon_core.package_identification:_identify(.) by extension 'colcon_meta'
[1.263s] Level 1:colcon.colcon_core.package_identification:_identify(.) by extensions ['ros']
[1.263s] Level 1:colcon.colcon_core.package_identification:_identify(.) by extension 'ros'
[1.448s] Level 1:colcon.colcon_core.package_identification:_identify(.) by extensions ['cmake', 'python']
[1.448s] Level 1:colcon.colcon_core.package_identification:_identify(.) by extension 'cmake'
[1.449s] Level 1:colcon.colcon_core.package_identification:_identify(.) by extension 'python'
[1.449s] Level 1:colcon.colcon_core.package_identification:_identify(.) by extensions ['python_setup_py']
[1.450s] Level 1:colcon.colcon_core.package_identification:_identify(.) by extension 'python_setup_py'
[1.452s] Level 1:colcon.colcon_core.package_identification:_identify(build) by extensions ['ignore', 'ignore_ament_install']
[1.453s] Level 1:colcon.colcon_core.package_identification:_identify(build) by extension 'ignore'
[1.454s] Level 1:colcon.colcon_core.package_identification:_identify(build) ignored
[1.455s] Level 1:colcon.colcon_core.package_identification:_identify(install) by extensions ['ignore', 'ignore_ament_install']
[1.455s] Level 1:colcon.colcon_core.package_identification:_identify(install) by extension 'ignore'
[1.456s] Level 1:colcon.colcon_core.package_identification:_identify(install) ignored
[1.456s] Level 1:colcon.colcon_core.package_identification:_identify(log) by extensions ['ignore', 'ignore_ament_install']
[1.457s] Level 1:colcon.colcon_core.package_identification:_identify(log) by extension 'ignore'
[1.457s] Level 1:colcon.colcon_core.package_identification:_identify(log) ignored
[1.458s] Level 1:colcon.colcon_core.package_identification:_identify(src) by extensions ['ignore', 'ignore_ament_install']
[1.458s] Level 1:colcon.colcon_core.package_identification:_identify(src) by extension 'ignore'
[1.459s] Level 1:colcon.colcon_core.package_identification:_identify(src) by extension 'ignore_ament_install'
[1.459s] Level 1:colcon.colcon_core.package_identification:_identify(src) by extensions ['colcon_pkg']
[1.459s] Level 1:colcon.colcon_core.package_identification:_identify(src) by extension 'colcon_pkg'
[1.459s] Level 1:colcon.colcon_core.package_identification:_identify(src) by extensions ['colcon_meta']
[1.460s] Level 1:colcon.colcon_core.package_identification:_identify(src) by extension 'colcon_meta'
[1.460s] Level 1:colcon.colcon_core.package_identification:_identify(src) by extensions ['ros']
[1.460s] Level 1:colcon.colcon_core.package_identification:_identify(src) by extension 'ros'
[1.460s] Level 1:colcon.colcon_core.package_identification:_identify(src) by extensions ['cmake', 'python']
[1.461s] Level 1:colcon.colcon_core.package_identification:_identify(src) by extension 'cmake'
[1.461s] Level 1:colcon.colcon_core.package_identification:_identify(src) by extension 'python'
[1.461s] Level 1:colcon.colcon_core.package_identification:_identify(src) by extensions ['python_setup_py']
[1.461s] Level 1:colcon.colcon_core.package_identification:_identify(src) by extension 'python_setup_py'
[1.462s] Level 1:colcon.colcon_core.package_identification:_identify(src/my_dif_bot_bringup) by extensions ['ignore', 'ignore_ament_install']
[1.462s] Level 1:colcon.colcon_core.package_identification:_identify(src/my_dif_bot_bringup) by extension 'ignore'
[1.463s] Level 1:colcon.colcon_core.package_identification:_identify(src/my_dif_bot_bringup) by extension 'ignore_ament_install'
[1.463s] Level 1:colcon.colcon_core.package_identification:_identify(src/my_dif_bot_bringup) by extensions ['colcon_pkg']
[1.463s] Level 1:colcon.colcon_core.package_identification:_identify(src/my_dif_bot_bringup) by extension 'colcon_pkg'
[1.463s] Level 1:colcon.colcon_core.package_identification:_identify(src/my_dif_bot_bringup) by extensions ['colcon_meta']
[1.464s] Level 1:colcon.colcon_core.package_identification:_identify(src/my_dif_bot_bringup) by extension 'colcon_meta'
[1.464s] Level 1:colcon.colcon_core.package_identification:_identify(src/my_dif_bot_bringup) by extensions ['ros']
[1.464s] Level 1:colcon.colcon_core.package_identification:_identify(src/my_dif_bot_bringup) by extension 'ros'
[1.479s] DEBUG:colcon.colcon_core.package_identification:Package 'src/my_dif_bot_bringup' with type 'ros.ament_python' and name 'my_dif_bot_bringup'
[1.481s] Level 1:colcon.colcon_core.package_identification:_identify(src/my_dif_bot_control) by extensions ['ignore', 'ignore_ament_install']
[1.487s] Level 1:colcon.colcon_core.package_identification:_identify(src/my_dif_bot_control) by extension 'ignore'
[1.487s] Level 1:colcon.colcon_core.package_identification:_identify(src/my_dif_bot_control) by extension 'ignore_ament_install'
[1.488s] Level 1:colcon.colcon_core.package_identification:_identify(src/my_dif_bot_control) by extensions ['colcon_pkg']
[1.488s] Level 1:colcon.colcon_core.package_identification:_identify(src/my_dif_bot_control) by extension 'colcon_pkg'
[1.489s] Level 1:colcon.colcon_core.package_identification:_identify(src/my_dif_bot_control) by extensions ['colcon_meta']
[1.489s] Level 1:colcon.colcon_core.package_identification:_identify(src/my_dif_bot_control) by extension 'colcon_meta'
[1.490s] Level 1:colcon.colcon_core.package_identification:_identify(src/my_dif_bot_control) by extensions ['ros']
[1.490s] Level 1:colcon.colcon_core.package_identification:_identify(src/my_dif_bot_control) by extension 'ros'
[1.494s] DEBUG:colcon.colcon_core.package_identification:Package 'src/my_dif_bot_control' with type 'ros.ament_python' and name 'my_dif_bot_control'
[1.494s] Level 1:colcon.colcon_core.package_identification:_identify(src/my_dif_bot_description) by extensions ['ignore', 'ignore_ament_install']
[1.495s] Level 1:colcon.colcon_core.package_identification:_identify(src/my_dif_bot_description) by extension 'ignore'
[1.495s] Level 1:colcon.colcon_core.package_identification:_identify(src/my_dif_bot_description) by extension 'ignore_ament_install'
[1.496s] Level 1:colcon.colcon_core.package_identification:_identify(src/my_dif_bot_description) by extensions ['colcon_pkg']
[1.496s] Level 1:colcon.colcon_core.package_identification:_identify(src/my_dif_bot_description) by extension 'colcon_pkg'
[1.496s] Level 1:colcon.colcon_core.package_identification:_identify(src/my_dif_bot_description) by extensions ['colcon_meta']
[1.497s] Level 1:colcon.colcon_core.package_identification:_identify(src/my_dif_bot_description) by extension 'colcon_meta'
[1.497s] Level 1:colcon.colcon_core.package_identification:_identify(src/my_dif_bot_description) by extensions ['ros']
[1.497s] Level 1:colcon.colcon_core.package_identification:_identify(src/my_dif_bot_description) by extension 'ros'
[1.502s] DEBUG:colcon.colcon_core.package_identification:Package 'src/my_dif_bot_description' with type 'ros.ament_python' and name 'my_dif_bot_description'
[1.503s] Level 1:colcon.colcon_core.package_identification:_identify(src/robot_camera) by extensions ['ignore', 'ignore_ament_install']
[1.504s] Level 1:colcon.colcon_core.package_identification:_identify(src/robot_camera) by extension 'ignore'
[1.505s] Level 1:colcon.colcon_core.package_identification:_identify(src/robot_camera) by extension 'ignore_ament_install'
[1.506s] Level 1:colcon.colcon_core.package_identification:_identify(src/robot_camera) by extensions ['colcon_pkg']
[1.507s] Level 1:colcon.colcon_core.package_identification:_identify(src/robot_camera) by extension 'colcon_pkg'
[1.507s] Level 1:colcon.colcon_core.package_identification:_identify(src/robot_camera) by extensions ['colcon_meta']
[1.508s] Level 1:colcon.colcon_core.package_identification:_identify(src/robot_camera) by extension 'colcon_meta'
[1.509s] Level 1:colcon.colcon_core.package_identification:_identify(src/robot_camera) by extensions ['ros']
[1.509s] Level 1:colcon.colcon_core.package_identification:_identify(src/robot_camera) by extension 'ros'
[1.516s] DEBUG:colcon.colcon_core.package_identification:Package 'src/robot_camera' with type 'ros.ament_python' and name 'robot_camera'
[1.518s] Level 1:colcon.colcon_core.package_identification:_identify(src/ros-foxglove-bridge) by extensions ['ignore', 'ignore_ament_install']
[1.518s] Level 1:colcon.colcon_core.package_identification:_identify(src/ros-foxglove-bridge) by extension 'ignore'
[1.519s] Level 1:colcon.colcon_core.package_identification:_identify(src/ros-foxglove-bridge) by extension 'ignore_ament_install'
[1.519s] Level 1:colcon.colcon_core.package_identification:_identify(src/ros-foxglove-bridge) by extensions ['colcon_pkg']
[1.519s] Level 1:colcon.colcon_core.package_identification:_identify(src/ros-foxglove-bridge) by extension 'colcon_pkg'
[1.520s] Level 1:colcon.colcon_core.package_identification:_identify(src/ros-foxglove-bridge) by extensions ['colcon_meta']
[1.520s] Level 1:colcon.colcon_core.package_identification:_identify(src/ros-foxglove-bridge) by extension 'colcon_meta'
[1.520s] Level 1:colcon.colcon_core.package_identification:_identify(src/ros-foxglove-bridge) by extensions ['ros']
[1.520s] Level 1:colcon.colcon_core.package_identification:_identify(src/ros-foxglove-bridge) by extension 'ros'
[1.590s] DEBUG:colcon.colcon_core.package_identification:Package 'src/ros-foxglove-bridge' with type 'ros.ament_cmake' and name 'foxglove_bridge'
[1.591s] Level 1:colcon.colcon_core.package_discovery:discover_packages(recursive) using defaults
[1.591s] Level 1:colcon.colcon_core.package_discovery:discover_packages(ignore) discover
[1.591s] Level 1:colcon.colcon_core.package_discovery:discover_packages(ignore) using defaults
[1.591s] Level 1:colcon.colcon_core.package_discovery:discover_packages(path) discover
[1.591s] Level 1:colcon.colcon_core.package_discovery:discover_packages(path) using defaults
[1.718s] INFO:colcon.colcon_core.package_selection:Skipping not selected package 'foxglove_bridge' in 'src/ros-foxglove-bridge'
[1.719s] INFO:colcon.colcon_core.package_selection:Skipping not selected package 'my_dif_bot_bringup' in 'src/my_dif_bot_bringup'
[1.719s] INFO:colcon.colcon_core.package_selection:Skipping not selected package 'my_dif_bot_control' in 'src/my_dif_bot_control'
[1.719s] INFO:colcon.colcon_core.package_selection:Skipping not selected package 'my_dif_bot_description' in 'src/my_dif_bot_description'
[1.722s] Level 1:colcon.colcon_core.package_discovery:discover_packages(prefix_path) check parameters
[1.722s] Level 1:colcon.colcon_core.package_discovery:discover_packages(prefix_path) discover
[1.741s] DEBUG:colcon.colcon_installed_package_information.package_discovery:Found 4 installed packages in /home/di/my_dif_bot/ros2_ws/install
[1.759s] DEBUG:colcon.colcon_installed_package_information.package_discovery:Found 376 installed packages in /opt/ros/jazzy
[1.774s] Level 1:colcon.colcon_core.package_discovery:discover_packages(prefix_path) using defaults
[2.316s] Level 5:colcon.colcon_core.verb:set package 'robot_camera' build argument 'cmake_args' from command line to 'None'
[2.317s] Level 5:colcon.colcon_core.verb:set package 'robot_camera' build argument 'cmake_target' from command line to 'None'
[2.317s] Level 5:colcon.colcon_core.verb:set package 'robot_camera' build argument 'cmake_target_skip_unavailable' from command line to 'False'
[2.318s] Level 5:colcon.colcon_core.verb:set package 'robot_camera' build argument 'cmake_clean_cache' from command line to 'False'
[2.318s] Level 5:colcon.colcon_core.verb:set package 'robot_camera' build argument 'cmake_clean_first' from command line to 'False'
[2.318s] Level 5:colcon.colcon_core.verb:set package 'robot_camera' build argument 'cmake_force_configure' from command line to 'False'
[2.318s] Level 5:colcon.colcon_core.verb:set package 'robot_camera' build argument 'ament_cmake_args' from command line to 'None'
[2.319s] Level 5:colcon.colcon_core.verb:set package 'robot_camera' build argument 'catkin_cmake_args' from command line to 'None'
[2.319s] Level 5:colcon.colcon_core.verb:set package 'robot_camera' build argument 'catkin_skip_building_tests' from command line to 'False'
[2.319s] DEBUG:colcon.colcon_core.verb:Building package 'robot_camera' with the following arguments: {'ament_cmake_args': None, 'build_base': '/home/di/my_dif_bot/ros2_ws/build/robot_camera', 'catkin_cmake_args': None, 'catkin_skip_building_tests': False, 'cmake_args': None, 'cmake_clean_cache': False, 'cmake_clean_first': False, 'cmake_force_configure': False, 'cmake_target': None, 'cmake_target_skip_unavailable': False, 'install_base': '/home/di/my_dif_bot/ros2_ws/install/robot_camera', 'merge_install': False, 'path': '/home/di/my_dif_bot/ros2_ws/src/robot_camera', 'symlink_install': False, 'test_result_base': None}
[2.320s] INFO:colcon.colcon_core.executor:Executing jobs using 'parallel' executor
[2.324s] DEBUG:colcon.colcon_parallel_executor.executor.parallel:run_until_complete
[2.325s] INFO:colcon.colcon_ros.task.ament_python.build:Building ROS package in '/home/di/my_dif_bot/ros2_ws/src/robot_camera' with build type 'ament_python'
[2.326s] Level 1:colcon.colcon_core.shell:create_environment_hook('robot_camera', 'ament_prefix_path')
[2.343s] INFO:colcon.colcon_core.plugin_system:Skipping extension 'colcon_core.shell.bat': Not used on non-Windows systems
[2.345s] INFO:colcon.colcon_core.shell:Creating environment hook '/home/di/my_dif_bot/ros2_ws/install/robot_camera/share/robot_camera/hook/ament_prefix_path.ps1'
[2.350s] INFO:colcon.colcon_core.shell:Creating environment descriptor '/home/di/my_dif_bot/ros2_ws/install/robot_camera/share/robot_camera/hook/ament_prefix_path.dsv'
[2.353s] INFO:colcon.colcon_core.shell:Creating environment hook '/home/di/my_dif_bot/ros2_ws/install/robot_camera/share/robot_camera/hook/ament_prefix_path.sh'
[2.359s] INFO:colcon.colcon_core.shell:Skip shell extension 'powershell' for command environment: Not usable outside of PowerShell
[2.360s] DEBUG:colcon.colcon_core.shell:Skip shell extension 'dsv' for command environment
[4.413s] INFO:colcon.colcon_core.task.python.build:Building Python package in '/home/di/my_dif_bot/ros2_ws/src/robot_camera'
[4.415s] INFO:colcon.colcon_core.shell:Skip shell extension 'powershell' for command environment: Not usable outside of PowerShell
[4.415s] DEBUG:colcon.colcon_core.shell:Skip shell extension 'dsv' for command environment
[10.268s] DEBUG:colcon.colcon_core.event_handler.log_command:Invoking command in '/home/di/my_dif_bot/ros2_ws/src/robot_camera': DEBUGINFOD_URLS=https://debuginfod.ubuntu.com PYTHONPATH=/home/di/my_dif_bot/ros2_ws/build/robot_camera/prefix_override:/usr/lib/python3/dist-packages/colcon_core/task/python/colcon_distutils_commands:/home/di/my_dif_bot/ros2_ws/install/robot_camera/lib/python3.12/site-packages:${PYTHONPATH} /usr/bin/python3 -W ignore:setup.py install is deprecated -W ignore:easy_install command is deprecated setup.py egg_info --egg-base ../../build/robot_camera build --build-base /home/di/my_dif_bot/ros2_ws/build/robot_camera/build install --record /home/di/my_dif_bot/ros2_ws/build/robot_camera/install.log --single-version-externally-managed install_data
[15.792s] DEBUG:colcon.colcon_core.event_handler.log_command:Invoked command in '/home/di/my_dif_bot/ros2_ws/src/robot_camera' returned '0': DEBUGINFOD_URLS=https://debuginfod.ubuntu.com PYTHONPATH=/home/di/my_dif_bot/ros2_ws/build/robot_camera/prefix_override:/usr/lib/python3/dist-packages/colcon_core/task/python/colcon_distutils_commands:/home/di/my_dif_bot/ros2_ws/install/robot_camera/lib/python3.12/site-packages:${PYTHONPATH} /usr/bin/python3 -W ignore:setup.py install is deprecated -W ignore:easy_install command is deprecated setup.py egg_info --egg-base ../../build/robot_camera build --build-base /home/di/my_dif_bot/ros2_ws/build/robot_camera/build install --record /home/di/my_dif_bot/ros2_ws/build/robot_camera/install.log --single-version-externally-managed install_data
[15.812s] Level 1:colcon.colcon_core.environment:checking '/home/di/my_dif_bot/ros2_ws/install/robot_camera' for CMake module files
[15.816s] Level 1:colcon.colcon_core.environment:checking '/home/di/my_dif_bot/ros2_ws/install/robot_camera' for CMake config files
[15.821s] Level 1:colcon.colcon_core.environment:checking '/home/di/my_dif_bot/ros2_ws/install/robot_camera/lib'
[15.822s] Level 1:colcon.colcon_core.environment:checking '/home/di/my_dif_bot/ros2_ws/install/robot_camera/bin'
[15.823s] Level 1:colcon.colcon_core.environment:checking '/home/di/my_dif_bot/ros2_ws/install/robot_camera/lib/pkgconfig/robot_camera.pc'
[15.824s] Level 1:colcon.colcon_core.environment:checking '/home/di/my_dif_bot/ros2_ws/install/robot_camera/lib/python3.12/site-packages'
[15.824s] Level 1:colcon.colcon_core.shell:create_environment_hook('robot_camera', 'pythonpath')
[15.825s] INFO:colcon.colcon_core.shell:Creating environment hook '/home/di/my_dif_bot/ros2_ws/install/robot_camera/share/robot_camera/hook/pythonpath.ps1'
[15.829s] INFO:colcon.colcon_core.shell:Creating environment descriptor '/home/di/my_dif_bot/ros2_ws/install/robot_camera/share/robot_camera/hook/pythonpath.dsv'
[15.832s] INFO:colcon.colcon_core.shell:Creating environment hook '/home/di/my_dif_bot/ros2_ws/install/robot_camera/share/robot_camera/hook/pythonpath.sh'
[15.842s] Level 1:colcon.colcon_core.environment:checking '/home/di/my_dif_bot/ros2_ws/install/robot_camera/bin'
[15.845s] Level 1:colcon.colcon_core.environment:create_environment_scripts_only(robot_camera)
[15.849s] INFO:colcon.colcon_core.shell:Creating package script '/home/di/my_dif_bot/ros2_ws/install/robot_camera/share/robot_camera/package.ps1'
[15.854s] INFO:colcon.colcon_core.shell:Creating package descriptor '/home/di/my_dif_bot/ros2_ws/install/robot_camera/share/robot_camera/package.dsv'
[15.858s] INFO:colcon.colcon_core.shell:Creating package script '/home/di/my_dif_bot/ros2_ws/install/robot_camera/share/robot_camera/package.sh'
[15.865s] INFO:colcon.colcon_core.shell:Creating package script '/home/di/my_dif_bot/ros2_ws/install/robot_camera/share/robot_camera/package.bash'
[15.871s] INFO:colcon.colcon_core.shell:Creating package script '/home/di/my_dif_bot/ros2_ws/install/robot_camera/share/robot_camera/package.zsh'
[15.877s] Level 1:colcon.colcon_core.environment:create_file_with_runtime_dependencies(/home/di/my_dif_bot/ros2_ws/install/robot_camera/share/colcon-core/packages/robot_camera)
[15.882s] DEBUG:colcon.colcon_parallel_executor.executor.parallel:closing loop
[15.887s] DEBUG:colcon.colcon_parallel_executor.executor.parallel:loop closed
[15.887s] DEBUG:colcon.colcon_parallel_executor.executor.parallel:run_until_complete finished with '0'
[15.888s] DEBUG:colcon.colcon_core.event_reactor:joining thread
[15.927s] INFO:colcon.colcon_core.plugin_system:Skipping extension 'colcon_notification.desktop_notification.terminal_notifier': Not used on non-Darwin systems
[15.928s] INFO:colcon.colcon_core.plugin_system:Skipping extension 'colcon_notification.desktop_notification.win32': Not used on non-Windows systems
[15.928s] INFO:colcon.colcon_notification.desktop_notification:Sending desktop notification using 'notify2'
[16.030s] DEBUG:colcon.colcon_core.event_reactor:joined thread
[16.031s] INFO:colcon.colcon_core.shell:Creating prefix script '/home/di/my_dif_bot/ros2_ws/install/local_setup.ps1'
[16.036s] INFO:colcon.colcon_core.shell:Creating prefix util module '/home/di/my_dif_bot/ros2_ws/install/_local_setup_util_ps1.py'
[16.043s] INFO:colcon.colcon_core.shell:Creating prefix chain script '/home/di/my_dif_bot/ros2_ws/install/setup.ps1'
[16.050s] INFO:colcon.colcon_core.shell:Creating prefix script '/home/di/my_dif_bot/ros2_ws/install/local_setup.sh'
[16.055s] INFO:colcon.colcon_core.shell:Creating prefix util module '/home/di/my_dif_bot/ros2_ws/install/_local_setup_util_sh.py'
[16.065s] INFO:colcon.colcon_core.shell:Creating prefix chain script '/home/di/my_dif_bot/ros2_ws/install/setup.sh'
[16.076s] INFO:colcon.colcon_core.shell:Creating prefix script '/home/di/my_dif_bot/ros2_ws/install/local_setup.bash'
[16.079s] INFO:colcon.colcon_core.shell:Creating prefix chain script '/home/di/my_dif_bot/ros2_ws/install/setup.bash'
[16.092s] INFO:colcon.colcon_core.shell:Creating prefix script '/home/di/my_dif_bot/ros2_ws/install/local_setup.zsh'
[16.098s] INFO:colcon.colcon_core.shell:Creating prefix chain script '/home/di/my_dif_bot/ros2_ws/install/setup.zsh'
