running develop
running egg_info
creating robot_camera.egg-info
writing robot_camera.egg-info/PKG-INFO
writing dependency_links to robot_camera.egg-info/dependency_links.txt
writing entry points to robot_camera.egg-info/entry_points.txt
writing requirements to robot_camera.egg-info/requires.txt
writing top-level names to robot_camera.egg-info/top_level.txt
writing manifest file 'robot_camera.egg-info/SOURCES.txt'
reading manifest file 'robot_camera.egg-info/SOURCES.txt'
writing manifest file 'robot_camera.egg-info/SOURCES.txt'
running build_ext
Creating /home/di/my_dif_bot/ros2_ws/install/robot_camera/lib/python3.12/site-packages/robot-camera.egg-link (link to .)
Installing camera_node script to /home/di/my_dif_bot/ros2_ws/install/robot_camera/lib/robot_camera

Installed /home/di/my_dif_bot/ros2_ws/build/robot_camera
running symlink_data
creating /home/di/my_dif_bot/ros2_ws/install/robot_camera/share/ament_index
creating /home/di/my_dif_bot/ros2_ws/install/robot_camera/share/ament_index/resource_index
creating /home/di/my_dif_bot/ros2_ws/install/robot_camera/share/ament_index/resource_index/packages
symbolically linking /home/di/my_dif_bot/ros2_ws/build/robot_camera/resource/robot_camera -> /home/di/my_dif_bot/ros2_ws/install/robot_camera/share/ament_index/resource_index/packages
symbolically linking /home/di/my_dif_bot/ros2_ws/build/robot_camera/package.xml -> /home/di/my_dif_bot/ros2_ws/install/robot_camera/share/robot_camera
