[4.675s] Invoking command in '/home/di/my_dif_bot/ros2_ws/build/robot_camera': DEBUGINFOD_URLS=https://debuginfod.ubuntu.com PYTHONPATH=/home/di/my_dif_bot/ros2_ws/build/robot_camera/prefix_override:/usr/lib/python3/dist-packages/colcon_core/task/python/colcon_distutils_commands:/home/di/my_dif_bot/ros2_ws/install/robot_camera/lib/python3.12/site-packages:${PYTHONPATH} /usr/bin/python3 -W ignore:setup.py install is deprecated -W ignore:easy_install command is deprecated setup.py develop --editable --build-directory /home/di/my_dif_bot/ros2_ws/build/robot_camera/build --no-deps symlink_data
[6.617s] running develop
[7.954s] running egg_info
[7.955s] creating robot_camera.egg-info
[8.071s] writing robot_camera.egg-info/PKG-INFO
[8.072s] writing dependency_links to robot_camera.egg-info/dependency_links.txt
[8.073s] writing entry points to robot_camera.egg-info/entry_points.txt
[8.074s] writing requirements to robot_camera.egg-info/requires.txt
[8.075s] writing top-level names to robot_camera.egg-info/top_level.txt
[8.076s] writing manifest file 'robot_camera.egg-info/SOURCES.txt'
[8.320s] reading manifest file 'robot_camera.egg-info/SOURCES.txt'
[8.323s] writing manifest file 'robot_camera.egg-info/SOURCES.txt'
[8.444s] running build_ext
[8.444s] Creating /home/di/my_dif_bot/ros2_ws/install/robot_camera/lib/python3.12/site-packages/robot-camera.egg-link (link to .)
[8.447s] Installing camera_node script to /home/di/my_dif_bot/ros2_ws/install/robot_camera/lib/robot_camera
[8.449s] 
[8.450s] Installed /home/di/my_dif_bot/ros2_ws/build/robot_camera
[8.450s] running symlink_data
[8.451s] creating /home/di/my_dif_bot/ros2_ws/install/robot_camera/share/ament_index
[8.452s] creating /home/di/my_dif_bot/ros2_ws/install/robot_camera/share/ament_index/resource_index
[8.453s] creating /home/di/my_dif_bot/ros2_ws/install/robot_camera/share/ament_index/resource_index/packages
[8.455s] symbolically linking /home/di/my_dif_bot/ros2_ws/build/robot_camera/resource/robot_camera -> /home/di/my_dif_bot/ros2_ws/install/robot_camera/share/ament_index/resource_index/packages
[8.456s] symbolically linking /home/di/my_dif_bot/ros2_ws/build/robot_camera/package.xml -> /home/di/my_dif_bot/ros2_ws/install/robot_camera/share/robot_camera
[8.625s] Invoked command in '/home/di/my_dif_bot/ros2_ws/build/robot_camera' returned '0': DEBUGINFOD_URLS=https://debuginfod.ubuntu.com PYTHONPATH=/home/di/my_dif_bot/ros2_ws/build/robot_camera/prefix_override:/usr/lib/python3/dist-packages/colcon_core/task/python/colcon_distutils_commands:/home/di/my_dif_bot/ros2_ws/install/robot_camera/lib/python3.12/site-packages:${PYTHONPATH} /usr/bin/python3 -W ignore:setup.py install is deprecated -W ignore:easy_install command is deprecated setup.py develop --editable --build-directory /home/di/my_dif_bot/ros2_ws/build/robot_camera/build --no-deps symlink_data
