[8.094s] Invoking command in '/home/di/my_dif_bot/ros2_ws/src/robot_camera': DEBUGINFOD_URLS=https://debuginfod.ubuntu.com PYTHONPATH=/home/di/my_dif_bot/ros2_ws/build/robot_camera/prefix_override:/usr/lib/python3/dist-packages/colcon_core/task/python/colcon_distutils_commands:/home/di/my_dif_bot/ros2_ws/install/robot_camera/lib/python3.12/site-packages:${PYTHONPATH} /usr/bin/python3 -W ignore:setup.py install is deprecated -W ignore:easy_install command is deprecated setup.py egg_info --egg-base ../../build/robot_camera build --build-base /home/di/my_dif_bot/ros2_ws/build/robot_camera/build install --record /home/di/my_dif_bot/ros2_ws/build/robot_camera/install.log --single-version-externally-managed install_data
[10.821s] running egg_info
[11.034s] writing ../../build/robot_camera/robot_camera.egg-info/PKG-INFO
[11.037s] writing dependency_links to ../../build/robot_camera/robot_camera.egg-info/dependency_links.txt
[11.041s] writing entry points to ../../build/robot_camera/robot_camera.egg-info/entry_points.txt
[11.046s] writing requirements to ../../build/robot_camera/robot_camera.egg-info/requires.txt
[11.049s] writing top-level names to ../../build/robot_camera/robot_camera.egg-info/top_level.txt
[11.489s] reading manifest file '../../build/robot_camera/robot_camera.egg-info/SOURCES.txt'
[11.493s] writing manifest file '../../build/robot_camera/robot_camera.egg-info/SOURCES.txt'
[11.493s] running build
[11.494s] running build_py
[11.495s] running install
[11.536s] running install_lib
[11.756s] running install_data
[11.757s] creating /home/di/my_dif_bot/ros2_ws/install/robot_camera/share/robot_camera/launch
[11.758s] copying launch/camera_launch.py -> /home/di/my_dif_bot/ros2_ws/install/robot_camera/share/robot_camera/launch
[11.759s] creating /home/di/my_dif_bot/ros2_ws/install/robot_camera/share/robot_camera/config
[11.763s] copying config/camera_params.yaml -> /home/di/my_dif_bot/ros2_ws/install/robot_camera/share/robot_camera/config
[11.764s] running install_egg_info
[12.015s] removing '/home/di/my_dif_bot/ros2_ws/install/robot_camera/lib/python3.12/site-packages/robot_camera-0.0.0-py3.12.egg-info' (and everything under it)
[12.023s] Copying ../../build/robot_camera/robot_camera.egg-info to /home/di/my_dif_bot/ros2_ws/install/robot_camera/lib/python3.12/site-packages/robot_camera-0.0.0-py3.12.egg-info
[12.039s] running install_scripts
[13.502s] Installing camera_node script to /home/di/my_dif_bot/ros2_ws/install/robot_camera/lib/robot_camera
[13.510s] writing list of installed files to '/home/di/my_dif_bot/ros2_ws/build/robot_camera/install.log'
[13.799s] Invoked command in '/home/di/my_dif_bot/ros2_ws/src/robot_camera' returned '0': DEBUGINFOD_URLS=https://debuginfod.ubuntu.com PYTHONPATH=/home/di/my_dif_bot/ros2_ws/build/robot_camera/prefix_override:/usr/lib/python3/dist-packages/colcon_core/task/python/colcon_distutils_commands:/home/di/my_dif_bot/ros2_ws/install/robot_camera/lib/python3.12/site-packages:${PYTHONPATH} /usr/bin/python3 -W ignore:setup.py install is deprecated -W ignore:easy_install command is deprecated setup.py egg_info --egg-base ../../build/robot_camera build --build-base /home/di/my_dif_bot/ros2_ws/build/robot_camera/build install --record /home/di/my_dif_bot/ros2_ws/build/robot_camera/install.log --single-version-externally-managed install_data
